<?xml version="1.0" encoding="utf-8"?><testsuites name="pytest tests"><testsuite name="pytest" errors="0" failures="0" skipped="0" tests="8" time="2.128" timestamp="2026-03-25T01:46:20.136968+00:00" hostname="agent-env-309f640f-9acd-4901-b527-8fdd0ddea66a"><testcase classname="tests.test_language_and_bet_limits.TestAuthentication" name="test_vendeur_login" time="0.251" /><testcase classname="tests.test_language_and_bet_limits.TestAuthentication" name="test_company_admin_login" time="0.250" /><testcase classname="tests.test_language_and_bet_limits.TestAuthentication" name="test_supervisor_login" time="0.249" /><testcase classname="tests.test_language_and_bet_limits.TestDeviceConfig" name="test_device_config_returns_min_bet_amount" time="0.281" /><testcase classname="tests.test_language_and_bet_limits.TestDeviceConfig" name="test_device_config_returns_max_bet_amount" time="0.281" /><testcase classname="tests.test_language_and_bet_limits.TestCompanyProfile" name="test_company_profile_get" time="0.252" /><testcase classname="tests.test_language_and_bet_limits.TestCompanyProfile" name="test_company_profile_update_min_bet" time="0.261" /><testcase classname="tests.test_language_and_bet_limits.TestVendeurCannotAccessCompanyProfile" name="test_vendeur_cannot_access_company_profile" time="0.253" /></testsuite></testsuites>