<?xml version="1.0" encoding="utf-8"?><testsuites name="pytest tests"><testsuite name="pytest" errors="0" failures="0" skipped="10" tests="22" time="6.992" timestamp="2026-03-12T05:44:11.516913+00:00" hostname="agent-env-f7ef8d4b-01b8-494e-bcbf-7ce8cec836d7"><testcase classname="backend.tests.test_iteration24_ticket_export.TestAuthLogin" name="test_company_admin_login" time="0.367" /><testcase classname="backend.tests.test_iteration24_ticket_export.TestAuthLogin" name="test_vendeur_login" time="0.344" /><testcase classname="backend.tests.test_iteration24_ticket_export.TestAuthLogin" name="test_supervisor_login" time="0.346" /><testcase classname="backend.tests.test_iteration24_ticket_export.TestTicketPrintingFormat" name="test_ticket_print_endpoint_returns_html" time="0.584" /><testcase classname="backend.tests.test_iteration24_ticket_export.TestTicketPrintingFormat" name="test_ticket_print_no_en_attente_text" time="0.562" /><testcase classname="backend.tests.test_iteration24_ticket_export.TestTicketPrintingFormat" name="test_ticket_print_no_gains_potentiels" time="0.607" /><testcase classname="backend.tests.test_iteration24_ticket_export.TestTicketPrintingFormat" name="test_ticket_print_has_loto_pam_branding" time="0.601" /><testcase classname="backend.tests.test_iteration24_ticket_export.TestTicketPrintingFormat" name="test_ticket_print_has_valide_status" time="0.554" /><testcase classname="backend.tests.test_iteration24_ticket_export.TestTicketPrintingFormat" name="test_ticket_print_80mm_format" time="0.558" /><testcase classname="backend.tests.test_iteration24_ticket_export.TestExportExcelVendeur" name="test_export_vendeur_tickets" time="0.449" /><testcase classname="backend.tests.test_iteration24_ticket_export.TestExportExcelVendeur" name="test_export_vendeur_winning_tickets" time="0.463" /><testcase classname="backend.tests.test_iteration24_ticket_export.TestExportExcelSupervisor" name="test_export_supervisor_tickets" time="0.100"><skipped type="pytest.skip" message="Supervisor login failed">/app/backend/tests/test_iteration24_ticket_export.py:258: Supervisor login failed</skipped></testcase><testcase classname="backend.tests.test_iteration24_ticket_export.TestExportExcelSupervisor" name="test_export_supervisor_winning_tickets" time="0.458" /><testcase classname="backend.tests.test_iteration24_ticket_export.TestExportExcelCompanyAdmin" name="test_export_company_tickets" time="0.099"><skipped type="pytest.skip" message="Company admin login failed">/app/backend/tests/test_iteration24_ticket_export.py:280: Company admin login failed</skipped></testcase><testcase classname="backend.tests.test_iteration24_ticket_export.TestExportExcelCompanyAdmin" name="test_export_company_winning_tickets" time="0.104"><skipped type="pytest.skip" message="Company admin login failed">/app/backend/tests/test_iteration24_ticket_export.py:289: Company admin login failed</skipped></testcase><testcase classname="backend.tests.test_iteration24_ticket_export.TestExportExcelCompanyAdmin" name="test_export_company_sales_report" time="0.113"><skipped type="pytest.skip" message="Company admin login failed">/app/backend/tests/test_iteration24_ticket_export.py:298: Company admin login failed</skipped></testcase><testcase classname="backend.tests.test_iteration24_ticket_export.TestPOSSerialValidation" name="test_pos_serial_check_available" time="0.096"><skipped type="pytest.skip" message="Company admin login failed">/app/backend/tests/test_iteration24_ticket_export.py:311: Company admin login failed</skipped></testcase><testcase classname="backend.tests.test_iteration24_ticket_export.TestPOSSerialValidation" name="test_pos_serial_check_response_structure" time="0.106"><skipped type="pytest.skip" message="Company admin login failed">/app/backend/tests/test_iteration24_ticket_export.py:325: Company admin login failed</skipped></testcase><testcase classname="backend.tests.test_iteration24_ticket_export.TestAgentCreationWithPOS" name="test_succursales_endpoint_exists" time="0.100"><skipped type="pytest.skip" message="Company admin login failed">/app/backend/tests/test_iteration24_ticket_export.py:345: Company admin login failed</skipped></testcase><testcase classname="backend.tests.test_iteration24_ticket_export.TestAgentCreationWithPOS" name="test_agent_can_have_pos_serial" time="0.103"><skipped type="pytest.skip" message="Company admin login failed">/app/backend/tests/test_iteration24_ticket_export.py:354: Company admin login failed</skipped></testcase><testcase classname="backend.tests.test_iteration24_ticket_export.TestVendeurMesTickets" name="test_vendeur_mes_tickets_endpoint" time="0.107"><skipped type="pytest.skip" message="Vendeur login failed">/app/backend/tests/test_iteration24_ticket_export.py:380: Vendeur login failed</skipped></testcase><testcase classname="backend.tests.test_iteration24_ticket_export.TestVendeurMesTickets" name="test_vendeur_ticket_has_required_fields" time="0.100"><skipped type="pytest.skip" message="Vendeur login failed">/app/backend/tests/test_iteration24_ticket_export.py:390: Vendeur login failed</skipped></testcase></testsuite></testsuites>