<?xml version="1.0" encoding="utf-8"?><testsuites name="pytest tests"><testsuite name="pytest" errors="0" failures="0" skipped="0" tests="18" time="6.396" timestamp="2026-03-29T23:05:05.985105+00:00" hostname="agent-env-309f640f-9acd-4901-b527-8fdd0ddea66a"><testcase classname="tests.test_iteration46_sync.TestHealthCheck" name="test_api_health" time="0.236" /><testcase classname="tests.test_iteration46_sync.TestAuthentication" name="test_super_admin_login" time="0.414" /><testcase classname="tests.test_iteration46_sync.TestAuthentication" name="test_company_admin_login" time="0.882" /><testcase classname="tests.test_iteration46_sync.TestAuthentication" name="test_vendeur_login" time="0.860" /><testcase classname="tests.test_iteration46_sync.TestGlobalSchedulesSync" name="test_super_admin_sees_global_schedules" time="0.253" /><testcase classname="tests.test_iteration46_sync.TestGlobalSchedulesSync" name="test_company_admin_sees_schedules" time="0.241" /><testcase classname="tests.test_iteration46_sync.TestGlobalSchedulesSync" name="test_vendeur_device_config_has_schedules" time="0.171" /><testcase classname="tests.test_iteration46_sync.TestGlobalResultsSync" name="test_company_admin_sees_results" time="0.115" /><testcase classname="tests.test_iteration46_sync.TestGlobalResultsSync" name="test_vendeur_sees_results" time="0.115" /><testcase classname="tests.test_iteration46_sync.TestLotteriesSync" name="test_super_admin_sees_master_lotteries" time="0.130" /><testcase classname="tests.test_iteration46_sync.TestLotteriesSync" name="test_company_admin_sees_lotteries_from_master" time="0.121" /><testcase classname="tests.test_iteration46_sync.TestLotteriesSync" name="test_vendeur_device_config_has_lotteries" time="0.200" /><testcase classname="tests.test_iteration46_sync.TestLotteryToggleSync" name="test_super_admin_can_access_lottery_flags" time="0.177" /><testcase classname="tests.test_iteration46_sync.TestLotteryToggleSync" name="test_lottery_flags_stats" time="0.113" /><testcase classname="tests.test_iteration46_sync.TestFlagPropagation" name="test_company_lotteries_have_flag_type" time="0.143" /><testcase classname="tests.test_iteration46_sync.TestDeviceSync" name="test_device_sync_endpoint" time="0.142" /><testcase classname="tests.test_iteration46_sync.TestDeviceSync" name="test_device_config_complete" time="0.190" /><testcase classname="tests.test_iteration46_sync.TestSyncSummary" name="test_full_sync_verification" time="1.810" /></testsuite></testsuites>