<?xml version="1.0" encoding="utf-8"?><testsuites name="pytest tests"><testsuite name="pytest" errors="0" failures="0" skipped="0" tests="15" time="5.290" timestamp="2026-03-29T05:42:05.838957+00:00" hostname="agent-env-309f640f-9acd-4901-b527-8fdd0ddea66a"><testcase classname="backend.tests.test_iteration44_commission_printing.TestHealthCheck" name="test_api_health" time="0.174" /><testcase classname="backend.tests.test_iteration44_commission_printing.TestAuthentication" name="test_admin_login" time="0.394" /><testcase classname="backend.tests.test_iteration44_commission_printing.TestCommissionDefaults" name="test_vendeur_dashboard_commission_default_zero" time="0.488" /><testcase classname="backend.tests.test_iteration44_commission_printing.TestCommissionDefaults" name="test_vendeur_stats_commission_default_zero" time="0.526" /><testcase classname="backend.tests.test_iteration44_commission_printing.TestCommissionDefaults" name="test_supervisor_agents_commission_default_zero" time="0.516" /><testcase classname="backend.tests.test_iteration44_commission_printing.TestTicketPrintEndpoint" name="test_print_endpoint_returns_html" time="0.502" /><testcase classname="backend.tests.test_iteration44_commission_printing.TestTicketPrintEndpoint" name="test_print_html_contains_total_mise" time="0.537" /><testcase classname="backend.tests.test_iteration44_commission_printing.TestTicketPrintEndpoint" name="test_print_html_contains_winning_status" time="0.496" /><testcase classname="backend.tests.test_iteration44_commission_printing.TestTicketPrintEndpoint" name="test_print_html_winning_play_format" time="0.522" /><testcase classname="backend.tests.test_iteration44_commission_printing.TestTicketPrintEndpoint" name="test_print_html_total_gain_section" time="0.476" /><testcase classname="backend.tests.test_iteration44_commission_printing.TestTicketCheckEndpoint" name="test_ticket_check_returns_winning_data" time="0.460" /><testcase classname="backend.tests.test_iteration44_commission_printing.TestVerifyTicketEndpoint" name="test_verify_ticket_public_endpoint" time="0.118" /><testcase classname="backend.tests.test_iteration44_commission_printing.TestCodeReview" name="test_vendeur_routes_commission_default_zero" time="0.000" /><testcase classname="backend.tests.test_iteration44_commission_printing.TestCodeReview" name="test_supervisor_routes_commission_default_zero" time="0.000" /><testcase classname="backend.tests.test_iteration44_commission_printing.TestCodeReview" name="test_ticket_template_winning_format" time="0.000" /></testsuite></testsuites>