<?xml version="1.0" encoding="utf-8"?><testsuites name="pytest tests"><testsuite name="pytest" errors="0" failures="0" skipped="0" tests="16" time="11.807" timestamp="2026-05-22T20:52:54.781069+00:00" hostname="agent-env-309f640f-9acd-4901-b527-8fdd0ddea66a"><testcase classname="backend.tests.test_super_billing.TestSummary" name="test_summary_ok" time="0.622" /><testcase classname="backend.tests.test_super_billing.TestSummary" name="test_summary_unauthorized" time="0.127" /><testcase classname="backend.tests.test_super_billing.TestSummary" name="test_summary_forbidden_for_company_admin" time="0.509" /><testcase classname="backend.tests.test_super_billing.TestCompanies" name="test_list_companies_default_month" time="2.500" /><testcase classname="backend.tests.test_super_billing.TestCompanies" name="test_list_companies_specific_month" time="5.230" /><testcase classname="backend.tests.test_super_billing.TestCompanies" name="test_invalid_month_format" time="0.152" /><testcase classname="backend.tests.test_super_billing.TestConfig" name="test_get_and_update_config" time="0.686" /><testcase classname="backend.tests.test_super_billing.TestConfig" name="test_config_nonexistent_company" time="0.129" /><testcase classname="backend.tests.test_super_billing.TestInvoices" name="test_generate_invoices" time="0.131" /><testcase classname="backend.tests.test_super_billing.TestInvoices" name="test_generate_force" time="0.197" /><testcase classname="backend.tests.test_super_billing.TestInvoices" name="test_list_invoices" time="0.116" /><testcase classname="backend.tests.test_super_billing.TestInvoices" name="test_update_status_paid_and_pdf" time="0.758" /><testcase classname="backend.tests.test_super_billing.TestInvoices" name="test_invalid_status" time="0.186" /><testcase classname="backend.tests.test_super_billing.TestInvoices" name="test_get_invoice_404" time="0.130" /><testcase classname="backend.tests.test_super_billing.TestAuthZ" name="test_generate_forbidden" time="0.112" /><testcase classname="backend.tests.test_super_billing.TestAuthZ" name="test_companies_forbidden" time="0.136" /></testsuite></testsuites>