<?xml version="1.0" encoding="utf-8"?><testsuites name="pytest tests"><testsuite name="pytest" errors="0" failures="0" skipped="0" tests="10" time="5.339" timestamp="2026-03-12T03:59:34.684648+00:00" hostname="agent-env-f32a0b0c-286b-4e3c-a19b-599b0508b087"><testcase classname="backend.tests.test_iteration23_lottery_flags.TestSuperAdminLotteryFlags" name="test_get_lottery_flags_returns_234_lotteries" time="0.685" /><testcase classname="backend.tests.test_iteration23_lottery_flags.TestSuperAdminLotteryFlags" name="test_lottery_flags_has_14_haiti_220_usa" time="0.559" /><testcase classname="backend.tests.test_iteration23_lottery_flags.TestSuperAdminLotteryFlags" name="test_haiti_lotteries_renamed_without_hours" time="0.532" /><testcase classname="backend.tests.test_iteration23_lottery_flags.TestSuperAdminLotteryFlags" name="test_lottery_flags_stats_returns_correct_counts" time="0.473" /><testcase classname="backend.tests.test_iteration23_lottery_flags.TestSupervisorLotteryFlags" name="test_get_lottery_flags_returns_lotteries" time="0.458" /><testcase classname="backend.tests.test_iteration23_lottery_flags.TestSupervisorLotteryFlags" name="test_lottery_flags_structure" time="0.471" /><testcase classname="backend.tests.test_iteration23_lottery_flags.TestSupervisorLotteryFlags" name="test_lottery_flags_toggle" time="0.588" /><testcase classname="backend.tests.test_iteration23_lottery_flags.TestCompanyAdminPOSSerial" name="test_check_pos_serial_available" time="0.465" /><testcase classname="backend.tests.test_iteration23_lottery_flags.TestVendeurProfile" name="test_vendeur_profile_has_device_info" time="0.485" /><testcase classname="backend.tests.test_iteration23_lottery_flags.TestVendeurProfile" name="test_vendeur_profile_has_commission_rate" time="0.512" /></testsuite></testsuites>