<?xml version="1.0" encoding="utf-8"?><testsuites name="pytest tests"><testsuite name="pytest" errors="0" failures="0" skipped="0" tests="11" time="6.026" timestamp="2026-03-06T08:21:02.888380+00:00" hostname="agent-env-fb43aef7-2b24-46ec-8f18-93fa65e2fb40"><testcase classname="tests.test_iteration18_fixes.TestCompanyTicketsEndpoint" name="test_get_company_tickets_success" time="0.484" /><testcase classname="tests.test_iteration18_fixes.TestCompanyTicketsEndpoint" name="test_get_company_tickets_with_filters" time="0.461" /><testcase classname="tests.test_iteration18_fixes.TestCompanyTicketsEndpoint" name="test_get_single_ticket_404" time="0.474" /><testcase classname="tests.test_iteration18_fixes.TestSuccursaleSuspendActivate" name="test_get_succursales_list" time="0.466" /><testcase classname="tests.test_iteration18_fixes.TestSuccursaleSuspendActivate" name="test_succursale_suspend_endpoint_exists" time="0.703" /><testcase classname="tests.test_iteration18_fixes.TestSuccursaleSuspendActivate" name="test_succursale_activate_endpoint_exists" time="0.565" /><testcase classname="tests.test_iteration18_fixes.TestSuperAdminGlobalSchedules" name="test_global_schedules_endpoint" time="0.590" /><testcase classname="tests.test_iteration18_fixes.TestSuperAdminGlobalSchedules" name="test_master_lotteries_endpoint" time="0.484" /><testcase classname="tests.test_iteration18_fixes.TestSuperAdminGlobalSchedules" name="test_lottery_catalog_frontend_bug" time="0.457" /><testcase classname="tests.test_iteration18_fixes.TestVendeurSuspendedBlockCheck" name="test_vendeur_login_active_succursale" time="0.723" /><testcase classname="tests.test_iteration18_fixes.TestSuccursaleUpdateEndpoint" name="test_update_succursale" time="0.559" /></testsuite></testsuites>