<?xml version="1.0" encoding="utf-8"?><testsuites name="pytest tests"><testsuite name="pytest" errors="0" failures="0" skipped="9" tests="22" time="2.358" timestamp="2026-03-22T04:38:41.791965+00:00" hostname="agent-env-2cbec8ca-845e-47e8-85ae-af0dc949a522"><testcase classname="backend.tests.test_iteration27_features.TestHealthCheck" name="test_health_endpoint" time="0.005" /><testcase classname="backend.tests.test_iteration27_features.TestAuthentication" name="test_super_admin_login" time="0.249" /><testcase classname="backend.tests.test_iteration27_features.TestAuthentication" name="test_company_admin_login" time="0.249" /><testcase classname="backend.tests.test_iteration27_features.TestAuthentication" name="test_supervisor_login" time="0.249" /><testcase classname="backend.tests.test_iteration27_features.TestAuthentication" name="test_vendeur_login" time="0.248" /><testcase classname="backend.tests.test_iteration27_features.TestSuperAdminFeatures" name="test_scheduled_results_list" time="0.251" /><testcase classname="backend.tests.test_iteration27_features.TestSuperAdminFeatures" name="test_activity_logs" time="0.267" /><testcase classname="backend.tests.test_iteration27_features.TestCompanyAdminFeatures" name="test_fiches_jouees_endpoint" time="0.252" /><testcase classname="backend.tests.test_iteration27_features.TestCompanyAdminFeatures" name="test_company_dashboard_stats" time="0.253" /><testcase classname="backend.tests.test_iteration27_features.TestSupervisorFeatures" name="test_winning_tickets_endpoint" time="0.254" /><testcase classname="backend.tests.test_iteration27_features.TestSupervisorFeatures" name="test_winning_tickets_filter_paid" time="0.003"><skipped type="pytest.skip" message="Supervisor credentials not valid">/app/backend/tests/test_iteration27_features.py:229: Supervisor credentials not valid</skipped></testcase><testcase classname="backend.tests.test_iteration27_features.TestSupervisorFeatures" name="test_winning_tickets_filter_unpaid" time="0.002"><skipped type="pytest.skip" message="Supervisor credentials not valid">/app/backend/tests/test_iteration27_features.py:239: Supervisor credentials not valid</skipped></testcase><testcase classname="backend.tests.test_iteration27_features.TestSupervisorFeatures" name="test_payment_status_update_invalid_ticket" time="0.003"><skipped type="pytest.skip" message="Supervisor credentials not valid">/app/backend/tests/test_iteration27_features.py:249: Supervisor credentials not valid</skipped></testcase><testcase classname="backend.tests.test_iteration27_features.TestSupervisorFeatures" name="test_payment_status_update_invalid_status" time="0.002"><skipped type="pytest.skip" message="Supervisor credentials not valid">/app/backend/tests/test_iteration27_features.py:262: Supervisor credentials not valid</skipped></testcase><testcase classname="backend.tests.test_iteration27_features.TestSupervisorFeatures" name="test_supervisor_agents" time="0.002"><skipped type="pytest.skip" message="Supervisor credentials not valid">/app/backend/tests/test_iteration27_features.py:275: Supervisor credentials not valid</skipped></testcase><testcase classname="backend.tests.test_iteration27_features.TestSupervisorFeatures" name="test_supervisor_dashboard_stats" time="0.002"><skipped type="pytest.skip" message="Supervisor credentials not valid">/app/backend/tests/test_iteration27_features.py:285: Supervisor credentials not valid</skipped></testcase><testcase classname="backend.tests.test_iteration27_features.TestVendeurFeatures" name="test_vendeur_profile" time="0.002"><skipped type="pytest.skip" message="Vendeur credentials not valid">/app/backend/tests/test_iteration27_features.py:310: Vendeur credentials not valid</skipped></testcase><testcase classname="backend.tests.test_iteration27_features.TestVendeurFeatures" name="test_vendeur_device_config" time="0.002"><skipped type="pytest.skip" message="Vendeur credentials not valid">/app/backend/tests/test_iteration27_features.py:320: Vendeur credentials not valid</skipped></testcase><testcase classname="backend.tests.test_iteration27_features.TestGlobalSchedules" name="test_company_schedules" time="0.007"><skipped type="pytest.skip" message="No valid admin credentials found">/app/backend/tests/test_iteration27_features.py:363: No valid admin credentials found</skipped></testcase><testcase classname="backend.tests.test_iteration27_features.TestMariageGratisLogic" name="test_mariage_gratis_thresholds" time="0.000" /><testcase classname="backend.tests.test_iteration27_features.TestMinimumBetAmount" name="test_minimum_bet_documentation" time="0.000" /><testcase classname="backend.tests.test_iteration27_features.TestTicketStatusValidation" name="test_ticket_status_documentation" time="0.000" /></testsuite></testsuites>