<?xml version="1.0" encoding="utf-8"?><testsuites name="pytest tests"><testsuite name="pytest" errors="0" failures="0" skipped="0" tests="12" time="2.000" timestamp="2026-03-25T14:44:44.288357+00:00" hostname="agent-env-309f640f-9acd-4901-b527-8fdd0ddea66a"><testcase classname="backend.tests.test_iteration36_storage.TestStorageHealth" name="test_storage_health_returns_configured" time="0.074" /><testcase classname="backend.tests.test_iteration36_storage.TestCompanyLogoUpload" name="test_company_logo_upload_requires_auth" time="0.003" /><testcase classname="backend.tests.test_iteration36_storage.TestCompanyLogoUpload" name="test_company_logo_upload_with_auth" time="0.280" /><testcase classname="backend.tests.test_iteration36_storage.TestCompanyLogoUpload" name="test_company_logo_delete_requires_auth" time="0.002" /><testcase classname="backend.tests.test_iteration36_storage.TestVendeurPhotoUpload" name="test_vendeur_photo_upload_requires_auth" time="0.003" /><testcase classname="backend.tests.test_iteration36_storage.TestVendeurPhotoUpload" name="test_vendeur_photo_upload_with_auth" time="0.257" /><testcase classname="backend.tests.test_iteration36_storage.TestTicketPrint" name="test_ticket_print_returns_html" time="0.276" /><testcase classname="backend.tests.test_iteration36_storage.TestTicketPrint" name="test_ticket_print_has_qr_code" time="0.262" /><testcase classname="backend.tests.test_iteration36_storage.TestPublicTicketVerification" name="test_verify_ticket_page_exists" time="0.004" /><testcase classname="backend.tests.test_iteration36_storage.TestCompanyProfile" name="test_company_profile_returns_logo_url" time="0.257" /><testcase classname="backend.tests.test_iteration36_storage.TestVendeurProfile" name="test_vendeur_profile_returns_photo_url" time="0.258" /><testcase classname="backend.tests.test_iteration36_storage.TestUserAvatarIntegration" name="test_auth_me_returns_user_with_name" time="0.256" /></testsuite></testsuites>