<?xml version="1.0" encoding="utf-8"?><testsuites name="pytest tests"><testsuite name="pytest" errors="0" failures="0" skipped="0" tests="9" time="4.665" timestamp="2026-03-29T05:34:28.129809+00:00" hostname="agent-env-309f640f-9acd-4901-b527-8fdd0ddea66a"><testcase classname="tests.test_winning_ticket_detail.TestHealthCheck" name="test_health_endpoint" time="0.141" /><testcase classname="tests.test_winning_ticket_detail.TestAuthentication" name="test_login_company_admin" time="0.347" /><testcase classname="tests.test_winning_ticket_detail.TestWinningTicketCheck" name="test_check_winning_ticket_558296411985929" time="0.464" /><testcase classname="tests.test_winning_ticket_detail.TestWinningTicketCheck" name="test_check_nonexistent_ticket" time="0.453" /><testcase classname="tests.test_winning_ticket_detail.TestWinningTicketCheck" name="test_ticket_check_response_structure" time="0.554" /><testcase classname="tests.test_winning_ticket_detail.TestWinningNumbersParsed" name="test_winning_numbers_parsed_structure" time="0.575" /><testcase classname="tests.test_winning_ticket_detail.TestAllPlaysCalculated" name="test_all_plays_calculated_for_winner" time="0.555" /><testcase classname="tests.test_winning_ticket_detail.TestAllPlaysCalculated" name="test_multiplier_values_60_20_10" time="0.762" /><testcase classname="tests.test_winning_ticket_detail.TestTotalGainCalculation" name="test_total_gain_equals_sum_of_winning_plays" time="0.751" /></testsuite></testsuites>