<?xml version="1.0" encoding="utf-8"?><testsuites name="pytest tests"><testsuite name="pytest" errors="0" failures="0" skipped="2" tests="23" time="11.004" timestamp="2026-03-30T21:26:46.632540+00:00" hostname="agent-env-309f640f-9acd-4901-b527-8fdd0ddea66a"><testcase classname="backend.tests.test_iteration49_sync_service.TestHealthCheck" name="test_api_health" time="0.130" /><testcase classname="backend.tests.test_iteration49_sync_service.TestAuthentication" name="test_super_admin_login" time="0.396" /><testcase classname="backend.tests.test_iteration49_sync_service.TestAuthentication" name="test_company_admin_login" time="0.367" /><testcase classname="backend.tests.test_iteration49_sync_service.TestAuthentication" name="test_vendeur_login" time="0.429" /><testcase classname="backend.tests.test_iteration49_sync_service.TestSyncLotteriesStatus" name="test_get_lotteries_status_super_admin" time="0.549" /><testcase classname="backend.tests.test_iteration49_sync_service.TestSyncLotteriesStatus" name="test_get_lotteries_status_company_admin" time="0.520" /><testcase classname="backend.tests.test_iteration49_sync_service.TestSyncLotteriesStatus" name="test_lotteries_status_has_time_info" time="0.518" /><testcase classname="backend.tests.test_iteration49_sync_service.TestVendeurOpenLotteries" name="test_vendeur_gets_only_open_lotteries" time="0.544" /><testcase classname="backend.tests.test_iteration49_sync_service.TestVendeurOpenLotteries" name="test_vendeur_lotteries_have_countdown" time="0.510" /><testcase classname="backend.tests.test_iteration49_sync_service.TestVendeurOpenLotteries" name="test_vendeur_lotteries_have_flag_type" time="0.546" /><testcase classname="backend.tests.test_iteration49_sync_service.TestVendeurOpenLotteries" name="test_vendeur_endpoint_requires_auth" time="0.100" /><testcase classname="backend.tests.test_iteration49_sync_service.TestLotteryStatusById" name="test_get_single_lottery_status" time="0.647" /><testcase classname="backend.tests.test_iteration49_sync_service.TestToggleLotteryGlobal" name="test_toggle_requires_super_admin" time="0.463" /><testcase classname="backend.tests.test_iteration49_sync_service.TestToggleLotteryGlobal" name="test_toggle_lottery_global" time="0.694" /><testcase classname="backend.tests.test_iteration49_sync_service.TestGlobalScheduleUpdate" name="test_get_global_schedules" time="0.673" /><testcase classname="backend.tests.test_iteration49_sync_service.TestGlobalScheduleUpdate" name="test_update_schedule_requires_super_admin" time="0.462" /><testcase classname="backend.tests.test_iteration49_sync_service.TestGlobalScheduleUpdate" name="test_update_schedule" time="0.873" /><testcase classname="backend.tests.test_iteration49_sync_service.TestCompanyLotteries" name="test_get_company_lotteries_with_status" time="0.542" /><testcase classname="backend.tests.test_iteration49_sync_service.TestSyncToggleLottery" name="test_sync_toggle_requires_super_admin" time="0.110"><skipped type="pytest.skip" message="Company Admin login failed">/app/backend/tests/test_iteration49_sync_service.py:425: Company Admin login failed</skipped></testcase><testcase classname="backend.tests.test_iteration49_sync_service.TestWebSocketEvents" name="test_toggle_response_includes_broadcast_info" time="0.686" /><testcase classname="backend.tests.test_iteration49_sync_service.TestTimezoneHandling" name="test_server_returns_timezone" time="0.513" /><testcase classname="backend.tests.test_iteration49_sync_service.TestTimezoneHandling" name="test_server_returns_server_time" time="0.510" /><testcase classname="backend.tests.test_iteration49_sync_service.TestClosedLotteriesNotShownToVendeur" name="test_compare_admin_vs_vendeur_lottery_count" time="0.126"><skipped type="pytest.skip" message="Super Admin login failed">/app/backend/tests/test_iteration49_sync_service.py:511: Super Admin login failed</skipped></testcase></testsuite></testsuites>