<?xml version="1.0" encoding="utf-8"?><testsuites name="pytest tests"><testsuite name="pytest" errors="0" failures="0" skipped="5" tests="34" time="5.436" timestamp="2026-04-03T03:27:17.437399+00:00" hostname="agent-env-309f640f-9acd-4901-b527-8fdd0ddea66a"><testcase classname="tests.test_iteration56_features.TestSuperAdminAuth" name="test_super_admin_login" time="0.402" /><testcase classname="tests.test_iteration56_features.TestCompanyAdminAuth" name="test_company_admin_login" time="0.371" /><testcase classname="tests.test_iteration56_features.TestSupervisorAuth" name="test_supervisor_login" time="0.375" /><testcase classname="tests.test_iteration56_features.TestVendorAuth" name="test_vendor_login" time="0.368" /><testcase classname="tests.test_iteration56_features.TestSupervisorSettlementHistory" name="test_supervisor_settlement_history_endpoint_exists" time="0.530" /><testcase classname="tests.test_iteration56_features.TestSupervisorSettlementHistory" name="test_supervisor_settlement_history_structure" time="0.128" /><testcase classname="tests.test_iteration56_features.TestSupervisorSettlementHistory" name="test_supervisor_settlement_history_settlement_fields" time="0.126" /><testcase classname="tests.test_iteration56_features.TestSupervisorLotteryFlags" name="test_supervisor_lottery_flags_endpoint" time="1.142" /><testcase classname="tests.test_iteration56_features.TestSupervisorLotteryFlags" name="test_supervisor_lottery_flags_returns_list" time="0.159" /><testcase classname="tests.test_iteration56_features.TestSupervisorLotteryFlags" name="test_supervisor_lottery_flags_only_active_global" time="0.142"><skipped type="pytest.skip" message="Super Admin auth failed: 429">/app/backend/tests/test_iteration56_features.py:213: Super Admin auth failed: 429</skipped></testcase><testcase classname="tests.test_iteration56_features.TestCompanyAvailableLotteries" name="test_company_lottery_catalog_endpoint" time="0.529" /><testcase classname="tests.test_iteration56_features.TestCompanyAvailableLotteries" name="test_company_lottery_catalog_only_active_global" time="0.131"><skipped type="pytest.skip" message="Super Admin auth failed: 429">/app/backend/tests/test_iteration56_features.py:281: Super Admin auth failed: 429</skipped></testcase><testcase classname="tests.test_iteration56_features.TestVendorOpenLotteries" name="test_vendor_open_lotteries_endpoint" time="0.123"><skipped type="pytest.skip" message="Vendor auth failed: 429">/app/backend/tests/test_iteration56_features.py:337: Vendor auth failed: 429</skipped></testcase><testcase classname="tests.test_iteration56_features.TestVendorOpenLotteries" name="test_vendor_open_lotteries_structure" time="0.000"><skipped type="pytest.skip" message="Vendor auth failed: 429">/app/backend/tests/test_iteration56_features.py:345: Vendor auth failed: 429</skipped></testcase><testcase classname="tests.test_iteration56_features.TestVendorOpenLotteries" name="test_vendor_open_lotteries_only_open" time="0.000"><skipped type="pytest.skip" message="Vendor auth failed: 429">/app/backend/tests/test_iteration56_features.py:360: Vendor auth failed: 429</skipped></testcase><testcase classname="tests.test_iteration56_features.TestSettlementEngineGameTypes" name="test_borlette_matcher_exists" time="0.127" /><testcase classname="tests.test_iteration56_features.TestSettlementEngineGameTypes" name="test_loto3_matcher_exists" time="0.000" /><testcase classname="tests.test_iteration56_features.TestSettlementEngineGameTypes" name="test_mariage_matcher_exists" time="0.000" /><testcase classname="tests.test_iteration56_features.TestSettlementEngineGameTypes" name="test_loto4_options_matchers_exist" time="0.000" /><testcase classname="tests.test_iteration56_features.TestSettlementEngineGameTypes" name="test_loto5_options_matchers_exist" time="0.000" /><testcase classname="tests.test_iteration56_features.TestSettlementEngineGameTypes" name="test_default_prize_configs_exist" time="0.000" /><testcase classname="tests.test_iteration56_features.TestBorletteMatcher" name="test_borlette_first_prize_match" time="0.000" /><testcase classname="tests.test_iteration56_features.TestBorletteMatcher" name="test_borlette_second_prize_match" time="0.000" /><testcase classname="tests.test_iteration56_features.TestBorletteMatcher" name="test_borlette_third_prize_match" time="0.000" /><testcase classname="tests.test_iteration56_features.TestBorletteMatcher" name="test_borlette_no_match" time="0.000" /><testcase classname="tests.test_iteration56_features.TestLoto3Matcher" name="test_loto3_exact_match" time="0.000" /><testcase classname="tests.test_iteration56_features.TestLoto3Matcher" name="test_loto3_no_match" time="0.000" /><testcase classname="tests.test_iteration56_features.TestMariageMatcher" name="test_mariage_both_numbers_match" time="0.000" /><testcase classname="tests.test_iteration56_features.TestMariageMatcher" name="test_mariage_one_number_no_match" time="0.000" /><testcase classname="tests.test_iteration56_features.TestLoto4Matcher" name="test_loto4_exact_match" time="0.000" /><testcase classname="tests.test_iteration56_features.TestLoto4Matcher" name="test_loto4_o1_match" time="0.000" /><testcase classname="tests.test_iteration56_features.TestLoto5Matcher" name="test_loto5_exact_match" time="0.000" /><testcase classname="tests.test_iteration56_features.TestCommissionZeroPercent" name="test_supervisor_profile_commission" time="0.590" /><testcase classname="tests.test_iteration56_features.TestCommissionZeroPercent" name="test_supervisor_agents_commission" time="0.127" /></testsuite></testsuites>