<?xml version="1.0" encoding="utf-8"?><testsuites name="pytest tests"><testsuite name="pytest" errors="0" failures="0" skipped="5" tests="21" time="8.602" timestamp="2026-03-28T04:40:54.097713+00:00" hostname="agent-env-309f640f-9acd-4901-b527-8fdd0ddea66a"><testcase classname="backend.tests.test_financial_phase2.TestHealthCheck" name="test_api_health" time="0.228" /><testcase classname="backend.tests.test_financial_phase2.TestAuthenticationFlow" name="test_super_admin_login" time="0.420" /><testcase classname="backend.tests.test_financial_phase2.TestAuthenticationFlow" name="test_company_admin_login" time="0.395" /><testcase classname="backend.tests.test_financial_phase2.TestFinancialDashboardStats" name="test_get_dashboard_stats" time="0.499" /><testcase classname="backend.tests.test_financial_phase2.TestFinancialDashboardStats" name="test_dashboard_stats_requires_auth" time="0.119" /><testcase classname="backend.tests.test_financial_phase2.TestCashRegister" name="test_get_current_register" time="0.461" /><testcase classname="backend.tests.test_financial_phase2.TestCashRegister" name="test_open_cash_register" time="0.616" /><testcase classname="backend.tests.test_financial_phase2.TestCashRegister" name="test_close_cash_register" time="0.592" /><testcase classname="backend.tests.test_financial_phase2.TestCashRegister" name="test_get_register_history" time="0.508" /><testcase classname="backend.tests.test_financial_phase2.TestCashRegister" name="test_cannot_open_duplicate_register" time="0.738" /><testcase classname="backend.tests.test_financial_phase2.TestAgentBalances" name="test_get_all_agents_balances" time="0.455" /><testcase classname="backend.tests.test_financial_phase2.TestAgentBalances" name="test_create_agent_transaction" time="0.682" /><testcase classname="backend.tests.test_financial_phase2.TestAgentBalances" name="test_create_advance_transaction" time="0.672" /><testcase classname="backend.tests.test_financial_phase2.TestAgentBalances" name="test_invalid_transaction_type_rejected" time="0.570" /><testcase classname="backend.tests.test_financial_phase2.TestReconciliation" name="test_generate_reconciliation_report" time="0.479" /><testcase classname="backend.tests.test_financial_phase2.TestReconciliation" name="test_get_reconciliation_reports" time="0.105"><skipped type="pytest.skip" message="Company admin authentication failed">/app/backend/tests/test_financial_phase2.py:534: Company admin authentication failed</skipped></testcase><testcase classname="backend.tests.test_financial_phase2.TestDailySummary" name="test_get_daily_summary" time="0.116"><skipped type="pytest.skip" message="Company admin authentication failed">/app/backend/tests/test_financial_phase2.py:568: Company admin authentication failed</skipped></testcase><testcase classname="backend.tests.test_financial_phase2.TestDailySummary" name="test_get_daily_summary_specific_date" time="0.112"><skipped type="pytest.skip" message="Company admin authentication failed">/app/backend/tests/test_financial_phase2.py:585: Company admin authentication failed</skipped></testcase><testcase classname="backend.tests.test_financial_phase2.TestRBACPermissions" name="test_unauthenticated_access_denied" time="0.510" /><testcase classname="backend.tests.test_financial_phase2.TestRBACPermissions" name="test_admin_can_access_all_endpoints" time="0.115"><skipped type="pytest.skip" message="Company admin authentication failed">/app/backend/tests/test_financial_phase2.py:625: Company admin authentication failed</skipped></testcase><testcase classname="backend.tests.test_financial_phase2.TestCleanup" name="test_close_any_open_register" time="0.108"><skipped type="pytest.skip" message="Company admin authentication failed">/app/backend/tests/test_financial_phase2.py:657: Company admin authentication failed</skipped></testcase></testsuite></testsuites>