<?xml version="1.0" encoding="utf-8"?><testsuites name="pytest tests"><testsuite name="pytest" errors="0" failures="0" skipped="0" tests="8" time="4.122" timestamp="2026-03-25T00:49:00.524031+00:00" hostname="agent-env-309f640f-9acd-4901-b527-8fdd0ddea66a"><testcase classname="tests.test_iteration32.TestAuth" name="test_company_admin_login" time="0.535" /><testcase classname="tests.test_iteration32.TestAuth" name="test_vendeur_login" time="0.386" /><testcase classname="tests.test_iteration32.TestCompanyProfile" name="test_get_company_profile" time="0.473" /><testcase classname="tests.test_iteration32.TestCompanyProfile" name="test_update_company_profile_ticket_settings" time="0.663" /><testcase classname="tests.test_iteration32.TestNotifications" name="test_get_company_notifications" time="0.491" /><testcase classname="tests.test_iteration32.TestNotifications" name="test_get_vendeur_notifications" time="0.480" /><testcase classname="tests.test_iteration32.TestVendeurProfile" name="test_get_vendeur_profile" time="0.500" /><testcase classname="tests.test_iteration32.TestResults" name="test_get_results" time="0.489" /></testsuite></testsuites>