<?xml version="1.0" encoding="utf-8"?><testsuites name="pytest tests"><testsuite name="pytest" errors="0" failures="0" skipped="0" tests="19" time="1.226" timestamp="2026-03-22T03:39:50.047497+00:00" hostname="agent-env-2cbec8ca-845e-47e8-85ae-af0dc949a522"><testcase classname="backend.tests.test_iteration26_features.TestHealthCheck" name="test_health_endpoint" time="0.025" /><testcase classname="backend.tests.test_iteration26_features.TestCompanyAdminLogin" name="test_company_admin_login_success" time="0.283" /><testcase classname="backend.tests.test_iteration26_features.TestSupervisorLogin" name="test_supervisor_login_success" time="0.251" /><testcase classname="backend.tests.test_iteration26_features.TestCompanyWinningTickets" name="test_get_winning_tickets" time="0.259" /><testcase classname="backend.tests.test_iteration26_features.TestCompanyWinningTickets" name="test_get_winning_tickets_filter_paid" time="0.004" /><testcase classname="backend.tests.test_iteration26_features.TestCompanyWinningTickets" name="test_get_winning_tickets_filter_unpaid" time="0.003" /><testcase classname="backend.tests.test_iteration26_features.TestCompanyBetLimits" name="test_get_bet_limits" time="0.003" /><testcase classname="backend.tests.test_iteration26_features.TestCompanyBetLimits" name="test_update_bet_limits" time="0.006" /><testcase classname="backend.tests.test_iteration26_features.TestFichesJouees" name="test_get_fiches_jouees_today" time="0.003" /><testcase classname="backend.tests.test_iteration26_features.TestFichesJouees" name="test_get_fiches_jouees_week" time="0.003" /><testcase classname="backend.tests.test_iteration26_features.TestFichesJouees" name="test_get_fiches_jouees_active_only" time="0.004" /><testcase classname="backend.tests.test_iteration26_features.TestSupervisorWinningTickets" name="test_get_supervisor_winning_tickets" time="0.263" /><testcase classname="backend.tests.test_iteration26_features.TestSupervisorWinningTickets" name="test_get_supervisor_winning_tickets_filter_paid" time="0.005" /><testcase classname="backend.tests.test_iteration26_features.TestSupervisorWinningTickets" name="test_get_supervisor_winning_tickets_filter_unpaid" time="0.009" /><testcase classname="backend.tests.test_iteration26_features.TestPayoutLogic" name="test_ticket_check_endpoint" time="0.003" /><testcase classname="backend.tests.test_iteration26_features.TestPaymentStatusUpdate" name="test_update_payment_status_invalid_status" time="0.003" /><testcase classname="backend.tests.test_iteration26_features.TestPaymentStatusUpdate" name="test_update_payment_status_not_found" time="0.003" /><testcase classname="backend.tests.test_iteration26_features.TestSupervisorPaymentStatusUpdate" name="test_supervisor_update_payment_status_invalid" time="0.003" /><testcase classname="backend.tests.test_iteration26_features.TestSupervisorPaymentStatusUpdate" name="test_supervisor_update_payment_status_not_found" time="0.003" /></testsuite></testsuites>