<?xml version="1.0" encoding="utf-8"?><testsuites name="pytest tests"><testsuite name="pytest" errors="0" failures="0" skipped="0" tests="19" time="7.567" timestamp="2026-03-06T00:17:38.819854+00:00" hostname="agent-env-fb41fe3d-5120-417c-8875-2ec7790ab394"><testcase classname="backend.tests.test_agent_new_sale.TestAgentLogin" name="test_agent_login_success" time="0.402" /><testcase classname="backend.tests.test_agent_new_sale.TestAgentLogin" name="test_agent_login_invalid_password" time="0.349" /><testcase classname="backend.tests.test_agent_new_sale.TestAgentLogin" name="test_agent_login_invalid_email" time="0.111" /><testcase classname="backend.tests.test_agent_new_sale.TestDeviceConfig" name="test_device_config_returns_lotteries" time="0.502" /><testcase classname="backend.tests.test_agent_new_sale.TestDeviceConfig" name="test_device_config_returns_schedules" time="0.503" /><testcase classname="backend.tests.test_agent_new_sale.TestDeviceConfig" name="test_device_config_returns_company_info" time="0.496" /><testcase classname="backend.tests.test_agent_new_sale.TestDeviceConfig" name="test_device_config_requires_auth" time="0.109" /><testcase classname="backend.tests.test_agent_new_sale.TestDeviceConfig" name="test_lottery_has_required_fields" time="0.499" /><testcase classname="backend.tests.test_agent_new_sale.TestLotterySell" name="test_sell_requires_auth" time="0.172" /><testcase classname="backend.tests.test_agent_new_sale.TestLotterySell" name="test_sell_invalid_lottery_id" time="0.488" /><testcase classname="backend.tests.test_agent_new_sale.TestLotterySell" name="test_sell_validates_min_bet" time="0.599" /><testcase classname="backend.tests.test_agent_new_sale.TestLotterySell" name="test_sell_ticket_structure" time="0.547" /><testcase classname="backend.tests.test_agent_new_sale.TestAgentTickets" name="test_get_agent_tickets" time="0.479" /><testcase classname="backend.tests.test_agent_new_sale.TestAgentTickets" name="test_get_agent_tickets_with_date_filter" time="0.506" /><testcase classname="backend.tests.test_agent_new_sale.TestAgentTickets" name="test_get_agent_tickets_requires_auth" time="0.116" /><testcase classname="backend.tests.test_agent_new_sale.TestDeviceSync" name="test_device_sync" time="0.497" /><testcase classname="backend.tests.test_agent_new_sale.TestDeviceSync" name="test_device_sync_requires_auth" time="0.114" /><testcase classname="backend.tests.test_agent_new_sale.TestTimezoneHandling" name="test_config_includes_company_timezone" time="0.499" /><testcase classname="backend.tests.test_agent_new_sale.TestTimezoneHandling" name="test_schedule_has_time_fields" time="0.509" /></testsuite></testsuites>