<?xml version="1.0" encoding="utf-8"?><testsuites name="pytest tests"><testsuite name="pytest" errors="0" failures="0" skipped="0" tests="26" time="5.191" timestamp="2026-03-30T00:38:47.558828+00:00" hostname="agent-env-309f640f-9acd-4901-b527-8fdd0ddea66a"><testcase classname="backend.tests.test_iteration47_analytics_websocket_pwa.TestHealthCheck" name="test_health_endpoint" time="0.172" /><testcase classname="backend.tests.test_iteration47_analytics_websocket_pwa.TestAuthentication" name="test_super_admin_login" time="0.396" /><testcase classname="backend.tests.test_iteration47_analytics_websocket_pwa.TestAuthentication" name="test_company_admin_login" time="0.373" /><testcase classname="backend.tests.test_iteration47_analytics_websocket_pwa.TestAuthentication" name="test_vendeur_login" time="0.354" /><testcase classname="backend.tests.test_iteration47_analytics_websocket_pwa.TestAnalyticsSalesDashboard" name="test_sales_summary_super_admin" time="0.469" /><testcase classname="backend.tests.test_iteration47_analytics_websocket_pwa.TestAnalyticsSalesDashboard" name="test_sales_summary_company_admin" time="0.472" /><testcase classname="backend.tests.test_iteration47_analytics_websocket_pwa.TestAnalyticsSalesDashboard" name="test_sales_trend" time="0.096" /><testcase classname="backend.tests.test_iteration47_analytics_websocket_pwa.TestAnalyticsSalesDashboard" name="test_top_agents" time="0.126" /><testcase classname="backend.tests.test_iteration47_analytics_websocket_pwa.TestAnalyticsSalesDashboard" name="test_top_lotteries" time="0.096" /><testcase classname="backend.tests.test_iteration47_analytics_websocket_pwa.TestAnalyticsGainsDashboard" name="test_most_played_numbers" time="0.126" /><testcase classname="backend.tests.test_iteration47_analytics_websocket_pwa.TestAnalyticsGainsDashboard" name="test_most_winning_numbers" time="0.121" /><testcase classname="backend.tests.test_iteration47_analytics_websocket_pwa.TestAnalyticsGainsDashboard" name="test_gains_by_game_type" time="0.110" /><testcase classname="backend.tests.test_iteration47_analytics_websocket_pwa.TestAnalyticsPerformanceDashboard" name="test_performance_summary" time="0.121" /><testcase classname="backend.tests.test_iteration47_analytics_websocket_pwa.TestAnalyticsPerformanceDashboard" name="test_agents_ranking" time="0.102" /><testcase classname="backend.tests.test_iteration47_analytics_websocket_pwa.TestWebSocketEndpoints" name="test_websocket_stats_endpoint" time="0.167" /><testcase classname="backend.tests.test_iteration47_analytics_websocket_pwa.TestPWA" name="test_manifest_json_accessible" time="0.107" /><testcase classname="backend.tests.test_iteration47_analytics_websocket_pwa.TestPWA" name="test_manifest_has_required_icons" time="0.103" /><testcase classname="backend.tests.test_iteration47_analytics_websocket_pwa.TestPWA" name="test_manifest_has_shortcuts" time="0.104" /><testcase classname="backend.tests.test_iteration47_analytics_websocket_pwa.TestPWA" name="test_service_worker_accessible" time="0.094" /><testcase classname="backend.tests.test_iteration47_analytics_websocket_pwa.TestAnalyticsAccessControl" name="test_vendeur_cannot_access_analytics" time="0.494" /><testcase classname="backend.tests.test_iteration47_analytics_websocket_pwa.TestAnalyticsAccessControl" name="test_company_admin_can_access_analytics" time="0.112" /><testcase classname="backend.tests.test_iteration47_analytics_websocket_pwa.TestAnalyticsAccessControl" name="test_super_admin_can_access_analytics" time="0.124" /><testcase classname="backend.tests.test_iteration47_analytics_websocket_pwa.TestAnalyticsPeriodFilters" name="test_day_period" time="0.112" /><testcase classname="backend.tests.test_iteration47_analytics_websocket_pwa.TestAnalyticsPeriodFilters" name="test_week_period" time="0.101" /><testcase classname="backend.tests.test_iteration47_analytics_websocket_pwa.TestAnalyticsPeriodFilters" name="test_month_period" time="0.128" /><testcase classname="backend.tests.test_iteration47_analytics_websocket_pwa.TestAnalyticsPeriodFilters" name="test_year_period" time="0.317" /></testsuite></testsuites>