<?xml version="1.0" encoding="utf-8"?><testsuites name="pytest tests"><testsuite name="pytest" errors="0" failures="0" skipped="3" tests="26" time="7.516" timestamp="2026-03-19T17:26:27.552177+00:00" hostname="agent-env-09b99113-5b1c-4818-ae69-4ffcea45b480"><testcase classname="backend.tests.test_iteration25_core_features.TestHealthCheck" name="test_health_endpoint_returns_200" time="0.176" /><testcase classname="backend.tests.test_iteration25_core_features.TestHealthCheck" name="test_health_endpoint_returns_healthy_status" time="0.164" /><testcase classname="backend.tests.test_iteration25_core_features.TestHealthCheck" name="test_health_endpoint_database_connected" time="0.152" /><testcase classname="backend.tests.test_iteration25_core_features.TestHealthCheck" name="test_health_endpoint_permissions_ok" time="0.106" /><testcase classname="backend.tests.test_iteration25_core_features.TestHealthCheck" name="test_health_endpoint_has_version" time="0.170" /><testcase classname="backend.tests.test_iteration25_core_features.TestHealthCheck" name="test_health_endpoint_has_timestamp" time="0.142" /><testcase classname="backend.tests.test_iteration25_core_features.TestSuperAdminLogin" name="test_login_returns_200" time="0.397" /><testcase classname="backend.tests.test_iteration25_core_features.TestSuperAdminLogin" name="test_login_returns_token" time="0.354" /><testcase classname="backend.tests.test_iteration25_core_features.TestSuperAdminLogin" name="test_login_returns_user_data" time="0.415" /><testcase classname="backend.tests.test_iteration25_core_features.TestSuperAdminLogin" name="test_login_returns_super_admin_role" time="0.377" /><testcase classname="backend.tests.test_iteration25_core_features.TestSuperAdminLogin" name="test_login_returns_correct_email" time="0.377" /><testcase classname="backend.tests.test_iteration25_core_features.TestSuperAdminLogin" name="test_login_returns_redirect_path" time="0.397" /><testcase classname="backend.tests.test_iteration25_core_features.TestSuperAdminLogin" name="test_login_invalid_credentials_returns_401" time="0.116" /><testcase classname="backend.tests.test_iteration25_core_features.TestCompanyAdminLogin" name="test_company_admin_login_returns_200" time="0.358" /><testcase classname="backend.tests.test_iteration25_core_features.TestCompanyAdminLogin" name="test_company_admin_returns_company_admin_role" time="0.352" /><testcase classname="backend.tests.test_iteration25_core_features.TestCompanyAdminLogin" name="test_company_admin_returns_company_dashboard_redirect" time="0.377" /><testcase classname="backend.tests.test_iteration25_core_features.TestDashboardStatsAPI" name="test_super_admin_can_access_saas_dashboard_stats" time="0.415" /><testcase classname="backend.tests.test_iteration25_core_features.TestDashboardStatsAPI" name="test_dashboard_stats_returns_total_companies" time="0.458" /><testcase classname="backend.tests.test_iteration25_core_features.TestDashboardStatsAPI" name="test_dashboard_stats_returns_active_companies" time="0.511" /><testcase classname="backend.tests.test_iteration25_core_features.TestDashboardStatsAPI" name="test_dashboard_stats_returns_total_agents" time="0.433" /><testcase classname="backend.tests.test_iteration25_core_features.TestDashboardStatsAPI" name="test_dashboard_stats_returns_tickets_today" time="0.112"><skipped type="pytest.skip" message="Super Admin authentication failed: 429">/app/backend/tests/test_iteration25_core_features.py:202: Super Admin authentication failed: 429</skipped></testcase><testcase classname="backend.tests.test_iteration25_core_features.TestCompaniesListAPI" name="test_super_admin_can_list_companies" time="0.158"><skipped type="pytest.skip" message="Super Admin authentication failed: 429">/app/backend/tests/test_iteration25_core_features.py:214: Super Admin authentication failed: 429</skipped></testcase><testcase classname="backend.tests.test_iteration25_core_features.TestCompaniesListAPI" name="test_companies_list_returns_array" time="0.501" /><testcase classname="backend.tests.test_iteration25_core_features.TestCompaniesListAPI" name="test_companies_have_required_fields" time="0.106"><skipped type="pytest.skip" message="Super Admin authentication failed: 429">/app/backend/tests/test_iteration25_core_features.py:227: Super Admin authentication failed: 429</skipped></testcase><testcase classname="backend.tests.test_iteration25_core_features.TestUnauthorizedAccess" name="test_dashboard_stats_requires_auth" time="0.123" /><testcase classname="backend.tests.test_iteration25_core_features.TestUnauthorizedAccess" name="test_companies_list_requires_auth" time="0.135" /></testsuite></testsuites>