<?xml version="1.0" encoding="utf-8"?><testsuites name="pytest tests"><testsuite name="pytest" errors="0" failures="0" skipped="0" tests="10" time="4.267" timestamp="2026-03-22T18:05:34.201556+00:00" hostname="agent-env-309f640f-9acd-4901-b527-8fdd0ddea66a"><testcase classname="backend.tests.test_iteration28_ticket_customization.TestCompanyProfileAPI" name="test_01_health_check" time="0.164" /><testcase classname="backend.tests.test_iteration28_ticket_customization.TestCompanyProfileAPI" name="test_02_admin_login" time="0.358" /><testcase classname="backend.tests.test_iteration28_ticket_customization.TestCompanyProfileAPI" name="test_03_get_company_profile" time="0.112" /><testcase classname="backend.tests.test_iteration28_ticket_customization.TestCompanyProfileAPI" name="test_04_update_company_profile" time="0.234" /><testcase classname="backend.tests.test_iteration28_ticket_customization.TestCompanyProfileAPI" name="test_05_toggle_qr_code" time="0.432" /><testcase classname="backend.tests.test_iteration28_ticket_customization.TestTicketPrint" name="test_06_ticket_print_endpoint" time="0.495" /><testcase classname="backend.tests.test_iteration28_ticket_customization.TestTicketPrint" name="test_07_ticket_verification_page" time="0.108" /><testcase classname="backend.tests.test_iteration28_ticket_customization.TestVendeurCommission" name="test_08_vendeur_commission_default" time="0.523" /><testcase classname="backend.tests.test_iteration28_ticket_customization.TestLotteriesCount" name="test_09_lotteries_count" time="0.480" /><testcase classname="backend.tests.test_iteration28_ticket_customization.TestCompanySettingsPageFields" name="test_10_all_profile_fields_accessible" time="1.304" /></testsuite></testsuites>