<?xml version="1.0" encoding="utf-8"?><testsuites name="pytest tests"><testsuite name="pytest" errors="0" failures="0" skipped="0" tests="14" time="7.092" timestamp="2026-03-29T17:33:37.067234+00:00" hostname="agent-env-309f640f-9acd-4901-b527-8fdd0ddea66a"><testcase classname="backend.tests.test_iteration45_mega_finalization.TestHealthCheck" name="test_api_health" time="0.185" /><testcase classname="backend.tests.test_iteration45_mega_finalization.TestAuthentication" name="test_super_admin_login" time="1.294" /><testcase classname="backend.tests.test_iteration45_mega_finalization.TestAuthentication" name="test_company_admin_login" time="0.374" /><testcase classname="backend.tests.test_iteration45_mega_finalization.TestAuthentication" name="test_vendeur_login" time="0.359" /><testcase classname="backend.tests.test_iteration45_mega_finalization.TestDashboardRealData" name="test_company_dashboard_has_real_stats" time="0.502" /><testcase classname="backend.tests.test_iteration45_mega_finalization.TestDashboardRealData" name="test_vendeur_dashboard_has_real_stats" time="0.472" /><testcase classname="backend.tests.test_iteration45_mega_finalization.TestCommissionDefaultsToZero" name="test_vendeur_commission_is_zero_by_default" time="0.490" /><testcase classname="backend.tests.test_iteration45_mega_finalization.TestCommissionDefaultsToZero" name="test_vendeur_profile_commission_rate" time="0.494" /><testcase classname="backend.tests.test_iteration45_mega_finalization.TestWinningCalculation60_20_10" name="test_check_winning_ticket_calculation" time="0.479" /><testcase classname="backend.tests.test_iteration45_mega_finalization.TestWinningCalculation60_20_10" name="test_winning_engine_multipliers" time="0.479" /><testcase classname="backend.tests.test_iteration45_mega_finalization.TestWinningTicketsDisplay" name="test_company_winning_tickets_list" time="0.491" /><testcase classname="backend.tests.test_iteration45_mega_finalization.TestWinningTicketsDisplay" name="test_winning_ticket_has_correct_fields" time="0.473" /><testcase classname="backend.tests.test_iteration45_mega_finalization.TestSuperAdminDashboard" name="test_super_admin_dashboard_stats" time="0.456" /><testcase classname="backend.tests.test_iteration45_mega_finalization.TestVendeurWinningTickets" name="test_vendeur_winning_tickets" time="0.469" /></testsuite></testsuites>