<?xml version="1.0" encoding="utf-8"?><testsuites name="pytest tests"><testsuite name="pytest" errors="0" failures="0" skipped="0" tests="13" time="6.166" timestamp="2026-04-02T04:07:49.105470+00:00" hostname="agent-env-309f640f-9acd-4901-b527-8fdd0ddea66a"><testcase classname="tests.test_iteration54_daily_reports.TestDailyReportAPI" name="test_daily_summary_endpoint_exists" time="0.492" /><testcase classname="tests.test_iteration54_daily_reports.TestDailyReportAPI" name="test_daily_summary_agent_columns" time="0.471" /><testcase classname="tests.test_iteration54_daily_reports.TestDailyReportAPI" name="test_daily_summary_totals" time="0.459" /><testcase classname="tests.test_iteration54_daily_reports.TestDailyReportAPI" name="test_daily_summary_negative_balance_flag" time="0.474" /><testcase classname="tests.test_iteration54_daily_reports.TestDailyReportAPI" name="test_daily_summary_date_range" time="0.458" /><testcase classname="tests.test_iteration54_daily_reports.TestVendeurReport" name="test_vendeur_report_today" time="0.476" /><testcase classname="tests.test_iteration54_daily_reports.TestVendeurReport" name="test_vendeur_report_custom_dates" time="0.492" /><testcase classname="tests.test_iteration54_daily_reports.TestVendeurReport" name="test_vendeur_report_week" time="0.446" /><testcase classname="tests.test_iteration54_daily_reports.TestVendeurReport" name="test_vendeur_report_month" time="0.466" /><testcase classname="tests.test_iteration54_daily_reports.TestVendeurReport" name="test_vendeur_report_tickets_by_lottery" time="0.459" /><testcase classname="tests.test_iteration54_daily_reports.TestOtherDailyReportEndpoints" name="test_winning_tickets_by_lottery" time="0.488" /><testcase classname="tests.test_iteration54_daily_reports.TestOtherDailyReportEndpoints" name="test_sold_tickets_report" time="0.463" /><testcase classname="tests.test_iteration54_daily_reports.TestOtherDailyReportEndpoints" name="test_pos_list" time="0.462" /></testsuite></testsuites>