<?xml version="1.0" encoding="utf-8"?><testsuites name="pytest tests"><testsuite name="pytest" errors="0" failures="1" skipped="2" tests="12" time="8.963" timestamp="2026-03-06T09:08:58.605731+00:00" hostname="agent-env-fb43aef7-2b24-46ec-8f18-93fa65e2fb40"><testcase classname="test_iteration19_features.TestSuperAdminCompanyLogoUpload" name="test_logo_upload_endpoint_exists" time="1.081" /><testcase classname="test_iteration19_features.TestSuperAdminCompanyLogoUpload" name="test_logo_upload_rejects_invalid_file_type" time="0.595" /><testcase classname="test_iteration19_features.TestSuperAdminDeleteCompany" name="test_delete_company_endpoint_exists" time="0.976" /><testcase classname="test_iteration19_features.TestSuperAdminDeleteCompany" name="test_delete_nonexistent_company_returns_404" time="0.611" /><testcase classname="test_iteration19_features.TestCompanyAdminSettingsUpdate" name="test_company_profile_get" time="0.561" /><testcase classname="test_iteration19_features.TestCompanyAdminSettingsUpdate" name="test_company_profile_update_name" time="0.993" /><testcase classname="test_iteration19_features.TestCompanyAdminSettingsUpdate" name="test_company_profile_update_phone" time="0.127"><skipped type="pytest.skip" message="Company Admin login failed: 429">/app/backend/tests/test_iteration19_features.py:241: Company Admin login failed: 429</skipped></testcase><testcase classname="test_iteration19_features.TestCompanyAdminSettingsUpdate" name="test_company_profile_update_address" time="0.681" /><testcase classname="test_iteration19_features.TestCompanyAdminSettingsUpdate" name="test_company_logo_upload_endpoint" time="0.114"><skipped type="pytest.skip" message="Company Admin login failed: 429">/app/backend/tests/test_iteration19_features.py:265: Company Admin login failed: 429</skipped></testcase><testcase classname="test_iteration19_features.TestCompanyAdminCannotModifyCredentials" name="test_company_profile_no_email_field" time="0.690"><failure message="AssertionError: Login should still work - company_email change doesn't affect login&#10;assert 429 == 200&#10; +  where 429 = &lt;Response [429]&gt;.status_code">test_iteration19_features.py:339: in test_company_profile_no_email_field
    assert login_response.status_code == 200, "Login should still work - company_email change doesn't affect login"
E   AssertionError: Login should still work - company_email change doesn't affect login
E   assert 429 == 200
E    +  where 429 = &lt;Response [429]&gt;.status_code</failure></testcase><testcase classname="test_iteration19_features.TestCompanyAdminCannotModifyCredentials" name="test_no_password_change_endpoint_for_company_admin" time="1.222" /><testcase classname="test_iteration19_features.TestSuperAdminCompanyCreateForm" name="test_create_company_without_commission" time="1.239" /></testsuite></testsuites>