<?xml version="1.0" encoding="utf-8"?><testsuites name="pytest tests"><testsuite name="pytest" errors="0" failures="0" skipped="0" tests="16" time="8.343" timestamp="2026-05-23T19:07:39.090336+00:00" hostname="agent-env-309f640f-9acd-4901-b527-8fdd0ddea66a"><testcase classname="tests.test_production_launch_e2e.TestPreflight" name="test_live" time="0.144" /><testcase classname="tests.test_production_launch_e2e.TestPreflight" name="test_health" time="0.112" /><testcase classname="tests.test_production_launch_e2e.TestPreflight" name="test_verify_production" time="0.114" /><testcase classname="tests.test_production_launch_e2e.TestSuperAdminLogin" name="test_login_primary" time="0.359" /><testcase classname="tests.test_production_launch_e2e.TestSuperAdminLogin" name="test_login_backup" time="0.359" /><testcase classname="tests.test_production_launch_e2e.TestCompanyCreation" name="test_create_company_with_admin" time="4.583" /><testcase classname="tests.test_production_launch_e2e.TestCompanyCreation" name="test_company_admin_can_login" time="0.412" /><testcase classname="tests.test_production_launch_e2e.TestSupervisorCreation" name="test_create_succursale_with_supervisor" time="0.371" /><testcase classname="tests.test_production_launch_e2e.TestSupervisorCreation" name="test_supervisor_can_login" time="0.378" /><testcase classname="tests.test_production_launch_e2e.TestVendorCreation" name="test_create_vendor" time="0.358" /><testcase classname="tests.test_production_launch_e2e.TestVendorCreation" name="test_vendor_can_login" time="0.478" /><testcase classname="tests.test_production_launch_e2e.TestLotteryCatalog" name="test_master_catalog_populated" time="0.114" /><testcase classname="tests.test_production_launch_e2e.TestLotteryCatalog" name="test_vendor_available_lotteries" time="0.121" /><testcase classname="tests.test_production_launch_e2e.TestVendorSale" name="test_vendor_sell_ticket" time="0.116" /><testcase classname="tests.test_production_launch_e2e.TestResultPublish" name="test_publish_result_and_settle" time="0.116" /><testcase classname="tests.test_production_launch_e2e.TestBillingSmoke" name="test_billing_summary_super_admin" time="0.124" /></testsuite></testsuites>