<?xml version="1.0" encoding="utf-8"?><testsuites name="pytest tests"><testsuite name="pytest" errors="0" failures="0" skipped="0" tests="9" time="1.717" timestamp="2026-03-25T03:15:28.652434+00:00" hostname="agent-env-309f640f-9acd-4901-b527-8fdd0ddea66a"><testcase classname="backend.tests.test_iteration33_multilingual.TestVendeurAuthentication" name="test_vendeur_login" time="0.281" /><testcase classname="backend.tests.test_iteration33_multilingual.TestVendeurProfile" name="test_vendeur_profile_returns_succursale" time="0.255" /><testcase classname="backend.tests.test_iteration33_multilingual.TestTicketPrint" name="test_ticket_print_includes_succursale" time="0.272" /><testcase classname="backend.tests.test_iteration33_multilingual.TestDeviceConfigLotteries" name="test_device_config_returns_lotteries" time="0.281" /><testcase classname="backend.tests.test_iteration33_multilingual.TestDeviceConfigLotteries" name="test_lotteries_have_is_open_field" time="0.285" /><testcase classname="backend.tests.test_iteration33_multilingual.TestDeviceConfigLotteries" name="test_lotteries_have_time_fields" time="0.282" /><testcase classname="backend.tests.test_iteration33_multilingual.TestTranslationFiles" name="test_translation_files_exist" time="0.000" /><testcase classname="backend.tests.test_iteration33_multilingual.TestTranslationFiles" name="test_translation_files_have_vendeur_keys" time="0.001" /><testcase classname="backend.tests.test_iteration33_multilingual.TestTranslationFiles" name="test_translations_are_different" time="0.000" /></testsuite></testsuites>