<?xml version="1.0" encoding="utf-8"?><testsuites name="pytest tests"><testsuite name="pytest" errors="0" failures="0" skipped="11" tests="32" time="11.435" timestamp="2026-03-31T13:30:38.404723+00:00" hostname="agent-env-309f640f-9acd-4901-b527-8fdd0ddea66a"><testcase classname="backend.tests.test_iteration50_sync_launch.TestHealthCheck" name="test_health_endpoint" time="0.172" /><testcase classname="backend.tests.test_iteration50_sync_launch.TestAuthentication" name="test_super_admin_login" time="0.407" /><testcase classname="backend.tests.test_iteration50_sync_launch.TestAuthentication" name="test_company_admin_login" time="0.392" /><testcase classname="backend.tests.test_iteration50_sync_launch.TestAuthentication" name="test_vendeur_login" time="0.452" /><testcase classname="backend.tests.test_iteration50_sync_launch.TestVendeurCommissionDefault" name="test_vendeur_dashboard_commission_default_zero" time="0.468" /><testcase classname="backend.tests.test_iteration50_sync_launch.TestVendeurCommissionDefault" name="test_vendeur_profile_commission_null_or_zero" time="0.496" /><testcase classname="backend.tests.test_iteration50_sync_launch.TestVendeurCommissionDefault" name="test_vendeur_report_commission_zero_when_not_configured" time="0.474" /><testcase classname="backend.tests.test_iteration50_sync_launch.TestCommissionNotCalculatedWhenZero" name="test_vendeur_stats_no_commission_calculation" time="0.523" /><testcase classname="backend.tests.test_iteration50_sync_launch.TestCompanyConfigurationPage" name="test_get_company_configuration" time="0.503" /><testcase classname="backend.tests.test_iteration50_sync_launch.TestCompanyConfigurationPage" name="test_update_company_configuration" time="0.596" /><testcase classname="backend.tests.test_iteration50_sync_launch.TestCompanyConfigurationPage" name="test_get_prime_configs" time="0.506" /><testcase classname="backend.tests.test_iteration50_sync_launch.TestCompanyConfigurationPage" name="test_seed_prime_defaults" time="0.511" /><testcase classname="backend.tests.test_iteration50_sync_launch.TestCompanyConfigurationPage" name="test_get_company_statistics" time="0.480" /><testcase classname="backend.tests.test_iteration50_sync_launch.TestVendeurPayWinners" name="test_get_winning_tickets" time="0.474" /><testcase classname="backend.tests.test_iteration50_sync_launch.TestVendeurPayWinners" name="test_get_vendor_balance" time="0.491" /><testcase classname="backend.tests.test_iteration50_sync_launch.TestVendeurPayWinners" name="test_get_paid_tickets" time="0.453" /><testcase classname="backend.tests.test_iteration50_sync_launch.TestWinningTicketStatus" name="test_winning_tickets_have_correct_status" time="0.472" /><testcase classname="backend.tests.test_iteration50_sync_launch.TestWinningTicketStatus" name="test_mes_tickets_winner_status" time="0.480" /><testcase classname="backend.tests.test_iteration50_sync_launch.TestVendeurReportSync" name="test_vendeur_report_endpoint" time="0.487" /><testcase classname="backend.tests.test_iteration50_sync_launch.TestVendeurReportSync" name="test_vendeur_report_periods" time="0.736" /><testcase classname="backend.tests.test_iteration50_sync_launch.TestBetLimitsConfiguration" name="test_get_bet_limits_in_config" time="0.464" /><testcase classname="backend.tests.test_iteration50_sync_launch.TestBetLimitsConfiguration" name="test_update_bet_limits" time="0.111"><skipped type="pytest.skip" message="Company Admin login failed">/app/backend/tests/test_iteration50_sync_launch.py:458: Company Admin login failed</skipped></testcase><testcase classname="backend.tests.test_iteration50_sync_launch.TestBetLimitsConfiguration" name="test_device_config_includes_limits" time="0.112"><skipped type="pytest.skip" message="Vendeur login failed">/app/backend/tests/test_iteration50_sync_launch.py:478: Vendeur login failed</skipped></testcase><testcase classname="backend.tests.test_iteration50_sync_launch.TestPrimeTableConfiguration" name="test_prime_configs_count" time="0.110"><skipped type="pytest.skip" message="Company Admin login failed">/app/backend/tests/test_iteration50_sync_launch.py:501: Company Admin login failed</skipped></testcase><testcase classname="backend.tests.test_iteration50_sync_launch.TestPrimeTableConfiguration" name="test_prime_configs_have_required_fields" time="0.138"><skipped type="pytest.skip" message="Company Admin login failed">/app/backend/tests/test_iteration50_sync_launch.py:514: Company Admin login failed</skipped></testcase><testcase classname="backend.tests.test_iteration50_sync_launch.TestPrimeTableConfiguration" name="test_borlette_prime_formula" time="0.161"><skipped type="pytest.skip" message="Company Admin login failed">/app/backend/tests/test_iteration50_sync_launch.py:529: Company Admin login failed</skipped></testcase><testcase classname="backend.tests.test_iteration50_sync_launch.TestBlockedNumbers" name="test_get_blocked_numbers_in_config" time="0.107"><skipped type="pytest.skip" message="Company Admin login failed">/app/backend/tests/test_iteration50_sync_launch.py:554: Company Admin login failed</skipped></testcase><testcase classname="backend.tests.test_iteration50_sync_launch.TestBlockedNumbers" name="test_add_blocked_number" time="0.111"><skipped type="pytest.skip" message="Company Admin login failed">/app/backend/tests/test_iteration50_sync_launch.py:564: Company Admin login failed</skipped></testcase><testcase classname="backend.tests.test_iteration50_sync_launch.TestBlockedNumbers" name="test_device_config_includes_blocked_numbers" time="0.114"><skipped type="pytest.skip" message="Vendeur login failed">/app/backend/tests/test_iteration50_sync_launch.py:593: Vendeur login failed</skipped></testcase><testcase classname="backend.tests.test_iteration50_sync_launch.TestSupervisorReportsCommission" name="test_supervisor_sales_report" time="0.106"><skipped type="pytest.skip" message="Company Admin login failed">/app/backend/tests/test_iteration50_sync_launch.py:613: Company Admin login failed</skipped></testcase><testcase classname="backend.tests.test_iteration50_sync_launch.TestFullIntegrationFlow" name="test_vendeur_full_flow" time="0.116"><skipped type="pytest.skip" message="Vendeur login failed">/app/backend/tests/test_iteration50_sync_launch.py:641: Vendeur login failed</skipped></testcase><testcase classname="backend.tests.test_iteration50_sync_launch.TestFullIntegrationFlow" name="test_company_admin_full_flow" time="0.112"><skipped type="pytest.skip" message="Company Admin login failed">/app/backend/tests/test_iteration50_sync_launch.py:660: Company Admin login failed</skipped></testcase></testsuite></testsuites>