<?xml version="1.0" encoding="utf-8"?><testsuites name="pytest tests"><testsuite name="pytest" errors="0" failures="0" skipped="0" tests="30" time="0.547" timestamp="2026-03-25T04:28:28.796505+00:00" hostname="agent-env-309f640f-9acd-4901-b527-8fdd0ddea66a"><testcase classname="tests.test_payout_engine.TestExtractBorlette" name="test_extract_from_123" time="0.000" /><testcase classname="tests.test_payout_engine.TestExtractBorlette" name="test_extract_from_456" time="0.000" /><testcase classname="tests.test_payout_engine.TestExtractBorlette" name="test_extract_from_100" time="0.000" /><testcase classname="tests.test_payout_engine.TestExtractBorlette" name="test_extract_empty" time="0.000" /><testcase classname="tests.test_payout_engine.TestParsePrime" name="test_parse_borlette_formula" time="0.000" /><testcase classname="tests.test_payout_engine.TestParsePrime" name="test_parse_single_value" time="0.000" /><testcase classname="tests.test_payout_engine.TestParsePrime" name="test_parse_empty" time="0.000" /><testcase classname="tests.test_payout_engine.TestBorlette" name="test_borlette_1er_rang" time="0.000" /><testcase classname="tests.test_payout_engine.TestBorlette" name="test_borlette_2eme_rang" time="0.000" /><testcase classname="tests.test_payout_engine.TestBorlette" name="test_borlette_3eme_rang" time="0.000" /><testcase classname="tests.test_payout_engine.TestBorlette" name="test_borlette_perdant" time="0.000" /><testcase classname="tests.test_payout_engine.TestBorlette" name="test_borlette_custom_prime" time="0.000" /><testcase classname="tests.test_payout_engine.TestLoto3" name="test_loto3_gagnant" time="0.000" /><testcase classname="tests.test_payout_engine.TestLoto3" name="test_loto3_perdant" time="0.000" /><testcase classname="tests.test_payout_engine.TestLoto4" name="test_loto4_gagnant" time="0.000" /><testcase classname="tests.test_payout_engine.TestLoto4" name="test_loto4_perdant" time="0.000" /><testcase classname="tests.test_payout_engine.TestLoto5" name="test_loto5_gagnant" time="0.000" /><testcase classname="tests.test_payout_engine.TestMariage" name="test_mariage_gagnant" time="0.000" /><testcase classname="tests.test_payout_engine.TestMariage" name="test_mariage_perdant" time="0.000" /><testcase classname="tests.test_payout_engine.TestCalculatePlayWin" name="test_play_with_prime_at_sale" time="0.000" /><testcase classname="tests.test_prime_config_api.TestGetPrimes" name="test_get_primes_success" time="0.254" /><testcase classname="tests.test_prime_config_api.TestGetPrimes" name="test_get_primes_unauthorized" time="0.002" /><testcase classname="tests.test_prime_config_api.TestUpdatePrimes" name="test_update_single_prime" time="0.010" /><testcase classname="tests.test_prime_config_api.TestUpdatePrimes" name="test_update_borlette_prime" time="0.007" /><testcase classname="tests.test_prime_config_api.TestUpdatePrimes" name="test_update_multiple_primes" time="0.008" /><testcase classname="tests.test_prime_config_api.TestUpdatePrimes" name="test_update_prime_invalid_format" time="0.003" /><testcase classname="tests.test_prime_config_api.TestSyncLotteries" name="test_sync_lotteries_success" time="0.087" /><testcase classname="tests.test_prime_config_api.TestEnabledLotteriesCount" name="test_get_enabled_count" time="0.004" /><testcase classname="tests.test_prime_config_api.TestPrimesDisplay" name="test_get_primes_display" time="0.003" /><testcase classname="tests.test_prime_config_api.TestPrimesPersistence" name="test_prime_update_persists" time="0.011" /></testsuite></testsuites>