<?xml version="1.0" encoding="utf-8"?><testsuites name="pytest tests"><testsuite name="pytest" errors="0" failures="0" skipped="0" tests="17" time="4.032" timestamp="2026-04-01T06:16:04.972975+00:00" hostname="agent-env-309f640f-9acd-4901-b527-8fdd0ddea66a"><testcase classname="tests.test_iteration53_vendeur_features.TestVendeurAuthentication" name="test_vendeur_login" time="0.400" /><testcase classname="tests.test_iteration53_vendeur_features.TestVendeurMesTicketsDateFilters" name="test_mes_tickets_no_filter" time="0.445" /><testcase classname="tests.test_iteration53_vendeur_features.TestVendeurMesTicketsDateFilters" name="test_mes_tickets_today_filter" time="0.103" /><testcase classname="tests.test_iteration53_vendeur_features.TestVendeurMesTicketsDateFilters" name="test_mes_tickets_yesterday_filter" time="0.115" /><testcase classname="tests.test_iteration53_vendeur_features.TestVendeurMesTicketsDateFilters" name="test_mes_tickets_week_filter" time="0.098" /><testcase classname="tests.test_iteration53_vendeur_features.TestVendeurMesTicketsDateFilters" name="test_mes_tickets_custom_date_range" time="0.110" /><testcase classname="tests.test_iteration53_vendeur_features.TestVendeurWinningTicketsPayment" name="test_get_winning_tickets" time="0.461" /><testcase classname="tests.test_iteration53_vendeur_features.TestVendeurWinningTicketsPayment" name="test_winning_tickets_with_date_filter" time="0.109" /><testcase classname="tests.test_iteration53_vendeur_features.TestVendeurWinningTicketsPayment" name="test_payment_endpoint_exists" time="0.204" /><testcase classname="tests.test_iteration53_vendeur_features.TestVendeurWinningTicketsPayment" name="test_payment_status_validation" time="0.104" /><testcase classname="tests.test_iteration53_vendeur_features.TestVendeurReport" name="test_report_today" time="0.477" /><testcase classname="tests.test_iteration53_vendeur_features.TestVendeurReport" name="test_report_with_custom_dates" time="0.113" /><testcase classname="tests.test_iteration53_vendeur_features.TestVendeurReport" name="test_report_week" time="0.101" /><testcase classname="tests.test_iteration53_vendeur_features.TestVendeurProfile" name="test_get_profile" time="0.449" /><testcase classname="tests.test_iteration53_vendeur_features.TestVendeurProfile" name="test_auth_me_returns_photo" time="0.093" /><testcase classname="tests.test_iteration53_vendeur_features.TestVendeurProfile" name="test_upload_profile_image_endpoint_exists" time="0.121" /><testcase classname="tests.test_iteration53_vendeur_features.TestVendeurLotsGagnants" name="test_winning_tickets_summary" time="0.464" /></testsuite></testsuites>