<?xml version="1.0" encoding="utf-8"?><testsuites name="pytest tests"><testsuite name="pytest" errors="0" failures="0" skipped="0" tests="10" time="7.736" timestamp="2026-03-31T23:40:45.190023+00:00" hostname="agent-env-309f640f-9acd-4901-b527-8fdd0ddea66a"><testcase classname="backend.tests.test_iteration51_bet_type_limits.TestBetTypeLimitsAPI" name="test_get_bet_type_limits_company_admin" time="0.605" /><testcase classname="backend.tests.test_iteration51_bet_type_limits.TestBetTypeLimitsAPI" name="test_update_bet_type_limits" time="0.263" /><testcase classname="backend.tests.test_iteration51_bet_type_limits.TestBetTypeLimitsAPI" name="test_update_limits_validation_min_greater_than_max" time="0.104" /><testcase classname="backend.tests.test_iteration51_bet_type_limits.TestBetTypeLimitsAPI" name="test_get_vendor_bet_type_limits" time="1.480" /><testcase classname="backend.tests.test_iteration51_bet_type_limits.TestBetTypeLimitsAPI" name="test_disable_game_type" time="0.492" /><testcase classname="backend.tests.test_iteration51_bet_type_limits.TestBetTypeLimitsAPI" name="test_unauthorized_access" time="0.103" /><testcase classname="backend.tests.test_iteration51_bet_type_limits.TestBetTypeLimitsAPI" name="test_vendor_cannot_update_limits" time="0.146" /><testcase classname="backend.tests.test_iteration51_bet_type_limits.TestBetTypeLimitsValidation" name="test_setup_limits_for_validation" time="1.488" /><testcase classname="backend.tests.test_iteration51_bet_type_limits.TestBetTypeLimitsValidation" name="test_get_open_lotteries" time="1.522" /><testcase classname="backend.tests.test_iteration51_bet_type_limits.TestCompanyBetLimitsPageUI" name="test_page_data_structure" time="1.466" /></testsuite></testsuites>