<?xml version="1.0" encoding="utf-8"?><testsuites name="pytest tests"><testsuite name="pytest" errors="0" failures="0" skipped="0" tests="17" time="5.367" timestamp="2026-03-28T04:09:56.689690+00:00" hostname="agent-env-309f640f-9acd-4901-b527-8fdd0ddea66a"><testcase classname="tests.test_security_phase1.TestHealthCheck" name="test_api_health" time="0.153" /><testcase classname="tests.test_security_phase1.TestSuperAdminAuth" name="test_super_admin_login" time="0.461" /><testcase classname="tests.test_security_phase1.TestSecurityStats" name="test_get_security_stats" time="0.540" /><testcase classname="tests.test_security_phase1.TestAuditLogs" name="test_get_audit_logs" time="0.103" /><testcase classname="tests.test_security_phase1.TestAuditLogs" name="test_get_audit_action_types" time="0.153" /><testcase classname="tests.test_security_phase1.TestAuditLogs" name="test_filter_audit_logs_by_severity" time="0.146" /><testcase classname="tests.test_security_phase1.TestLoginAttempts" name="test_get_login_attempts" time="0.100" /><testcase classname="tests.test_security_phase1.TestLoginAttempts" name="test_filter_login_attempts_by_success" time="0.108" /><testcase classname="tests.test_security_phase1.TestLoginBlocks" name="test_get_active_blocks" time="0.108" /><testcase classname="tests.test_security_phase1.TestFraudAlerts" name="test_get_fraud_alerts" time="0.109" /><testcase classname="tests.test_security_phase1.TestFraudAlerts" name="test_create_fraud_alert" time="0.117" /><testcase classname="tests.test_security_phase1.TestFraudAlerts" name="test_resolve_fraud_alert" time="0.278" /><testcase classname="tests.test_security_phase1.TestIPBlacklist" name="test_get_ip_blacklist" time="0.095" /><testcase classname="tests.test_security_phase1.TestIPBlacklist" name="test_add_and_remove_ip_blacklist" time="1.253" /><testcase classname="tests.test_security_phase1.TestLoginProtection" name="test_login_protection_records_failed_attempts" time="0.246" /><testcase classname="tests.test_security_phase1.TestLoginProtection" name="test_login_blocks_after_5_attempts" time="0.681" /><testcase classname="tests.test_security_phase1.TestSecurityDashboardAccess" name="test_unauthenticated_access_denied" time="0.623" /></testsuite></testsuites>