<?xml version="1.0" encoding="utf-8"?><testsuites name="pytest tests"><testsuite name="pytest" errors="0" failures="0" skipped="0" tests="22" time="4.326" timestamp="2026-03-28T05:03:09.699300+00:00" hostname="agent-env-309f640f-9acd-4901-b527-8fdd0ddea66a"><testcase classname="tests.test_limits_phase3.TestHealthCheck" name="test_health_endpoint" time="0.217" /><testcase classname="tests.test_limits_phase3.TestAuthentication" name="test_super_admin_login" time="0.397" /><testcase classname="tests.test_limits_phase3.TestAuthentication" name="test_company_admin_login" time="0.357" /><testcase classname="tests.test_limits_phase3.TestLimitConfigAPI" name="test_get_config_super_admin" time="0.463" /><testcase classname="tests.test_limits_phase3.TestLimitConfigAPI" name="test_get_config_company_admin" time="0.451" /><testcase classname="tests.test_limits_phase3.TestLimitConfigAPI" name="test_get_config_unauthenticated" time="0.104" /><testcase classname="tests.test_limits_phase3.TestLimitConfigAPI" name="test_update_config_super_admin" time="0.326" /><testcase classname="tests.test_limits_phase3.TestLimitConfigAPI" name="test_update_config_company_admin_denied" time="0.101" /><testcase classname="tests.test_limits_phase3.TestNumberBlockingAPI" name="test_block_number_super_admin" time="0.103" /><testcase classname="tests.test_limits_phase3.TestNumberBlockingAPI" name="test_get_blocked_numbers" time="0.117" /><testcase classname="tests.test_limits_phase3.TestNumberBlockingAPI" name="test_get_blocked_numbers_filtered" time="0.138" /><testcase classname="tests.test_limits_phase3.TestNumberBlockingAPI" name="test_unblock_number" time="0.205" /><testcase classname="tests.test_limits_phase3.TestBetCheckAPI" name="test_check_bet_allowed" time="0.121" /><testcase classname="tests.test_limits_phase3.TestBetCheckAPI" name="test_check_blocked_number" time="0.222" /><testcase classname="tests.test_limits_phase3.TestNumbersStatusAPI" name="test_get_numbers_status" time="0.122" /><testcase classname="tests.test_limits_phase3.TestAlertsAPI" name="test_get_alerts" time="0.104" /><testcase classname="tests.test_limits_phase3.TestAlertsAPI" name="test_get_unacknowledged_alerts" time="0.099" /><testcase classname="tests.test_limits_phase3.TestAlertsAPI" name="test_acknowledge_alert" time="0.193" /><testcase classname="tests.test_limits_phase3.TestAlertsAPI" name="test_acknowledge_all_alerts" time="0.097" /><testcase classname="tests.test_limits_phase3.TestDashboardStatsAPI" name="test_get_dashboard_stats" time="0.104" /><testcase classname="tests.test_limits_phase3.TestTicketCreationIntegration" name="test_ticket_creation_blocked_number" time="0.100" /><testcase classname="tests.test_limits_phase3.TestCleanup" name="test_restore_config" time="0.101" /></testsuite></testsuites>