<?xml version="1.0" encoding="utf-8"?><testsuites name="pytest tests"><testsuite name="pytest" errors="6" failures="0" skipped="0" tests="19" time="6.520" timestamp="2026-03-28T02:30:36.110003+00:00" hostname="agent-env-309f640f-9acd-4901-b527-8fdd0ddea66a"><testcase classname="tests.test_iteration39_features.TestHealthCheck" name="test_api_health" time="0.141" /><testcase classname="tests.test_iteration39_features.TestSuperAdminAuth" name="test_super_admin_login" time="0.353" /><testcase classname="tests.test_iteration39_features.TestCompanyAdminAuth" name="test_company_admin_login" time="0.360" /><testcase classname="tests.test_iteration39_features.TestResultsLotteriesDropdown" name="test_get_lotteries_for_results" time="0.512" /><testcase classname="tests.test_iteration39_features.TestDrawTimesManagement" name="test_get_all_draw_times" time="0.493" /><testcase classname="tests.test_iteration39_features.TestDrawTimesManagement" name="test_get_draw_times_by_lottery" time="0.581" /><testcase classname="tests.test_iteration39_features.TestNotificationsSystem" name="test_get_notifications" time="0.476" /><testcase classname="tests.test_iteration39_features.TestNotificationsSystem" name="test_create_notification" time="0.478" /><testcase classname="tests.test_iteration39_features.TestNotificationsSystem" name="test_mark_all_read" time="0.479" /><testcase classname="tests.test_iteration39_features.TestNotificationsSystem" name="test_saas_notifications_endpoint" time="0.464" /><testcase classname="tests.test_iteration39_features.TestNotificationsSystem" name="test_company_notifications_endpoint" time="0.453" /><testcase classname="tests.test_iteration39_features.TestRealtimeSync" name="test_global_sync" time="0.498" /><testcase classname="tests.test_iteration39_features.TestRealtimeSync" name="test_sync_ping" time="0.116"><error message="failed on setup with &quot;KeyError: 'token'&quot;">tests/test_iteration39_features.py:256: in company_admin_token
    return response.json()["token"]
           ^^^^^^^^^^^^^^^^^^^^^^^^
E   KeyError: 'token'</error></testcase><testcase classname="tests.test_iteration39_features.TestRealtimeSync" name="test_latest_results" time="0.114"><error message="failed on setup with &quot;KeyError: 'token'&quot;">tests/test_iteration39_features.py:256: in company_admin_token
    return response.json()["token"]
           ^^^^^^^^^^^^^^^^^^^^^^^^
E   KeyError: 'token'</error></testcase><testcase classname="tests.test_iteration39_features.TestCompanySettings" name="test_get_company_profile" time="0.467" /><testcase classname="tests.test_iteration39_features.TestCompanySettings" name="test_update_company_profile" time="0.117"><error message="failed on setup with &quot;KeyError: 'token'&quot;">tests/test_iteration39_features.py:308: in company_admin_token
    return response.json()["token"]
           ^^^^^^^^^^^^^^^^^^^^^^^^
E   KeyError: 'token'</error></testcase><testcase classname="tests.test_iteration39_features.TestCompanySettings" name="test_qr_code_toggle" time="0.103"><error message="failed on setup with &quot;KeyError: 'token'&quot;">tests/test_iteration39_features.py:308: in company_admin_token
    return response.json()["token"]
           ^^^^^^^^^^^^^^^^^^^^^^^^
E   KeyError: 'token'</error></testcase><testcase classname="tests.test_iteration39_features.TestCompanyPrimes" name="test_get_primes" time="0.106"><error message="failed on setup with &quot;KeyError: 'token'&quot;">tests/test_iteration39_features.py:401: in company_admin_token
    return response.json()["token"]
           ^^^^^^^^^^^^^^^^^^^^^^^^
E   KeyError: 'token'</error></testcase><testcase classname="tests.test_iteration39_features.TestSuperAdminResultsPage" name="test_get_results" time="0.100"><error message="failed on setup with &quot;KeyError: 'token'&quot;">tests/test_iteration39_features.py:427: in super_admin_token
    return response.json()["token"]
           ^^^^^^^^^^^^^^^^^^^^^^^^
E   KeyError: 'token'</error></testcase></testsuite></testsuites>