<?xml version="1.0" encoding="utf-8"?><testsuites name="pytest tests"><testsuite name="pytest" errors="0" failures="0" skipped="0" tests="21" time="5.847" timestamp="2026-04-02T04:37:14.265225+00:00" hostname="agent-env-309f640f-9acd-4901-b527-8fdd0ddea66a"><testcase classname="backend.tests.test_iteration55_new_features.TestSuperAdminAuth" name="test_super_admin_login" time="0.408" /><testcase classname="backend.tests.test_iteration55_new_features.TestMasterLotteries" name="test_get_master_lotteries" time="0.481" /><testcase classname="backend.tests.test_iteration55_new_features.TestMasterLotteries" name="test_create_master_lottery" time="0.114" /><testcase classname="backend.tests.test_iteration55_new_features.TestMasterLotteries" name="test_create_lottery_validation" time="0.109" /><testcase classname="backend.tests.test_iteration55_new_features.TestMasterLotteries" name="test_get_single_lottery" time="0.230" /><testcase classname="backend.tests.test_iteration55_new_features.TestMasterLotteries" name="test_update_master_lottery" time="0.206" /><testcase classname="backend.tests.test_iteration55_new_features.TestCompanyAdminAuth" name="test_company_admin_login" time="0.357" /><testcase classname="backend.tests.test_iteration55_new_features.TestSuccursaleSupervisorManagement" name="test_get_succursales_list" time="0.463" /><testcase classname="backend.tests.test_iteration55_new_features.TestSuccursaleSupervisorManagement" name="test_get_supervisor_credentials" time="0.609" /><testcase classname="backend.tests.test_iteration55_new_features.TestSuccursaleSupervisorManagement" name="test_update_supervisor_name" time="0.106" /><testcase classname="backend.tests.test_iteration55_new_features.TestSuccursaleSupervisorManagement" name="test_update_supervisor_email" time="0.126" /><testcase classname="backend.tests.test_iteration55_new_features.TestSuccursaleSupervisorManagement" name="test_update_supervisor_password" time="0.350" /><testcase classname="backend.tests.test_iteration55_new_features.TestSuccursaleSupervisorManagement" name="test_update_supervisor_password_mismatch" time="0.110" /><testcase classname="backend.tests.test_iteration55_new_features.TestSuccursaleAgentManagement" name="test_get_agent_credentials" time="0.698" /><testcase classname="backend.tests.test_iteration55_new_features.TestSuccursaleAgentManagement" name="test_update_agent_full_name" time="0.109" /><testcase classname="backend.tests.test_iteration55_new_features.TestSuccursaleAgentManagement" name="test_update_agent_full_email" time="0.104" /><testcase classname="backend.tests.test_iteration55_new_features.TestSuccursaleAgentManagement" name="test_update_agent_full_password" time="0.365" /><testcase classname="backend.tests.test_iteration55_new_features.TestSuccursaleAgentManagement" name="test_update_agent_full_financial" time="0.106" /><testcase classname="backend.tests.test_iteration55_new_features.TestSuccursaleAgentManagement" name="test_update_agent_full_password_mismatch" time="0.128" /><testcase classname="backend.tests.test_iteration55_new_features.TestAccessControl" name="test_company_admin_cannot_create_master_lottery" time="0.456" /><testcase classname="backend.tests.test_iteration55_new_features.TestAccessControl" name="test_company_admin_can_read_master_lotteries" time="0.115" /></testsuite></testsuites>