<?xml version="1.0" encoding="utf-8"?><testsuites name="pytest tests"><testsuite name="pytest" errors="0" failures="0" skipped="0" tests="9" time="1.478" timestamp="2026-03-25T14:20:19.655888+00:00" hostname="agent-env-309f640f-9acd-4901-b527-8fdd0ddea66a"><testcase classname="tests.test_iteration35_multilang.TestDeviceConfigAPI" name="test_device_config_returns_bet_limits" time="0.287" /><testcase classname="tests.test_iteration35_multilang.TestDeviceConfigAPI" name="test_device_config_returns_enabled_lotteries" time="0.042" /><testcase classname="tests.test_iteration35_multilang.TestDeviceConfigAPI" name="test_device_config_returns_prime_configs" time="0.035" /><testcase classname="tests.test_iteration35_multilang.TestCompanyPrimesAPI" name="test_get_company_primes" time="0.255" /><testcase classname="tests.test_iteration35_multilang.TestCompanyPrimesAPI" name="test_update_company_primes" time="0.008" /><testcase classname="tests.test_iteration35_multilang.TestBetLimitsAPI" name="test_get_company_settings_includes_bet_limits" time="0.253" /><testcase classname="tests.test_iteration35_multilang.TestLotteryScheduleSync" name="test_device_sync_returns_latest_data" time="0.257" /><testcase classname="tests.test_iteration35_multilang.TestLotteryScheduleSync" name="test_today_results_endpoint" time="0.005" /><testcase classname="tests.test_iteration35_multilang.TestTranslationKeys" name="test_lottery_names_not_hardcoded" time="0.283" /></testsuite></testsuites>