<?xml version="1.0" encoding="utf-8"?><testsuites name="pytest tests"><testsuite name="pytest" errors="0" failures="3" skipped="2" tests="22" time="8.506" timestamp="2026-03-24T22:23:42.942432+00:00" hostname="agent-env-309f640f-9acd-4901-b527-8fdd0ddea66a"><testcase classname="tests.test_iteration30_lottolab.TestHealthCheck" name="test_api_health" time="0.171" /><testcase classname="tests.test_iteration30_lottolab.TestSuperAdminLogin" name="test_super_admin_login" time="0.385" /><testcase classname="tests.test_iteration30_lottolab.TestSuperAdminLogin" name="test_super_admin_dashboard_stats" time="0.493" /><testcase classname="tests.test_iteration30_lottolab.TestSuperAdminLogin" name="test_super_admin_companies" time="0.516" /><testcase classname="tests.test_iteration30_lottolab.TestSuperAdminLogin" name="test_super_admin_users" time="0.500" /><testcase classname="tests.test_iteration30_lottolab.TestSuperAdminLogin" name="test_super_admin_global_schedules" time="0.637" /><testcase classname="tests.test_iteration30_lottolab.TestSuperAdminLogin" name="test_super_admin_global_results" time="0.478" /><testcase classname="tests.test_iteration30_lottolab.TestCompanyAdminLogin" name="test_company_admin_login" time="0.359" /><testcase classname="tests.test_iteration30_lottolab.TestCompanyAdminLogin" name="test_company_admin_dashboard_stats" time="0.472" /><testcase classname="tests.test_iteration30_lottolab.TestCompanyAdminLogin" name="test_company_admin_succursales" time="0.493" /><testcase classname="tests.test_iteration30_lottolab.TestCompanyAdminLogin" name="test_company_admin_lotteries" time="0.500" /><testcase classname="tests.test_iteration30_lottolab.TestCompanyAdminLogin" name="test_company_admin_subscription" time="0.490" /><testcase classname="tests.test_iteration30_lottolab.TestSupervisorLogin" name="test_supervisor_login" time="0.364" /><testcase classname="tests.test_iteration30_lottolab.TestSupervisorLogin" name="test_supervisor_dashboard_stats" time="0.455" /><testcase classname="tests.test_iteration30_lottolab.TestSupervisorLogin" name="test_supervisor_agents" time="0.519" /><testcase classname="tests.test_iteration30_lottolab.TestVendeurLogin" name="test_vendeur_login" time="0.100"><failure message="assert 429 == 200&#10; +  where 429 = &lt;Response [429]&gt;.status_code">tests/test_iteration30_lottolab.py:220: in test_vendeur_login
    assert response.status_code == 200
E   assert 429 == 200
E    +  where 429 = &lt;Response [429]&gt;.status_code</failure></testcase><testcase classname="tests.test_iteration30_lottolab.TestVendeurLogin" name="test_vendeur_profile_with_succursale" time="0.113"><failure message="assert 429 == 200&#10; +  where 429 = &lt;Response [429]&gt;.status_code">tests/test_iteration30_lottolab.py:229: in test_vendeur_profile_with_succursale
    token = self.test_vendeur_login()
            ^^^^^^^^^^^^^^^^^^^^^^^^^
tests/test_iteration30_lottolab.py:220: in test_vendeur_login
    assert response.status_code == 200
E   assert 429 == 200
E    +  where 429 = &lt;Response [429]&gt;.status_code</failure></testcase><testcase classname="tests.test_iteration30_lottolab.TestVendeurLogin" name="test_vendeur_device_config_haiti_lotteries" time="0.166"><failure message="assert 429 == 200&#10; +  where 429 = &lt;Response [429]&gt;.status_code">tests/test_iteration30_lottolab.py:254: in test_vendeur_device_config_haiti_lotteries
    token = self.test_vendeur_login()
            ^^^^^^^^^^^^^^^^^^^^^^^^^
tests/test_iteration30_lottolab.py:220: in test_vendeur_login
    assert response.status_code == 200
E   assert 429 == 200
E    +  where 429 = &lt;Response [429]&gt;.status_code</failure></testcase><testcase classname="tests.test_iteration30_lottolab.TestVendeurLogin" name="test_vendeur_mes_tickets" time="0.461" /><testcase classname="tests.test_iteration30_lottolab.TestTicketPrint" name="test_ticket_print_format" time="0.097"><skipped type="pytest.skip" message="Cannot login as vendeur">/app/backend/tests/test_iteration30_lottolab.py:299: Cannot login as vendeur</skipped></testcase><testcase classname="tests.test_iteration30_lottolab.TestHaitiLotteriesInit" name="test_init_haiti_lotteries_api" time="0.116"><skipped type="pytest.skip" message="Cannot login as super admin">/app/backend/tests/test_iteration30_lottolab.py:346: Cannot login as super admin</skipped></testcase><testcase classname="tests.test_iteration30_lottolab.TestHaitiStatus" name="test_haiti_status_api" time="0.464" /></testsuite></testsuites>