<?xml version="1.0" encoding="utf-8"?><testsuites name="pytest tests"><testsuite name="pytest" errors="0" failures="0" skipped="2" tests="24" time="3.746" timestamp="2026-02-28T06:15:49.792689+00:00" hostname="agent-env-87a7e7e0-22c6-4692-b023-e7464b1ec3b3"><testcase classname="backend.tests.test_production_ready.TestAgentAuthentication" name="test_agent_login_success" time="0.380" /><testcase classname="backend.tests.test_production_ready.TestAgentAuthentication" name="test_agent_login_invalid_password" time="0.335" /><testcase classname="backend.tests.test_production_ready.TestAgentAuthentication" name="test_agent_login_nonexistent_user" time="0.100" /><testcase classname="backend.tests.test_production_ready.TestLotterySynchronization" name="test_device_config_returns_220_lotteries" time="0.464" /><testcase classname="backend.tests.test_production_ready.TestLotterySynchronization" name="test_device_config_contains_required_fields" time="0.120" /><testcase classname="backend.tests.test_production_ready.TestLotterySynchronization" name="test_5_minute_void_window_configured" time="0.115" /><testcase classname="backend.tests.test_production_ready.TestLotterySynchronization" name="test_lottery_has_required_fields" time="0.123" /><testcase classname="backend.tests.test_production_ready.TestTicketCancellation5MinuteRule" name="test_void_window_in_config" time="0.125" /><testcase classname="backend.tests.test_production_ready.TestTicketCancellation5MinuteRule" name="test_cancel_ticket_requires_reason" time="0.119" /><testcase classname="backend.tests.test_production_ready.TestTicketCancellation5MinuteRule" name="test_cancel_nonexistent_ticket" time="0.106" /><testcase classname="backend.tests.test_production_ready.TestPublicTicketVerification" name="test_verify_invalid_ticket_returns_not_found_page" time="0.109" /><testcase classname="backend.tests.test_production_ready.TestPublicTicketVerification" name="test_verify_ticket_no_auth_required" time="0.104" /><testcase classname="backend.tests.test_production_ready.TestCompanySuspensionBlocksAccess" name="test_company_status_check_on_login" time="0.344" /><testcase classname="backend.tests.test_production_ready.TestCompanySuspensionBlocksAccess" name="test_super_admin_can_list_companies" time="0.115"><skipped type="pytest.skip" message="Super admin login failed - skipping super admin tests">/app/backend/tests/test_production_ready.py:227: Super admin login failed - skipping super admin tests</skipped></testcase><testcase classname="backend.tests.test_production_ready.TestMultiTenantDataIsolation" name="test_agent_only_sees_own_company_lotteries" time="0.115" /><testcase classname="backend.tests.test_production_ready.TestMultiTenantDataIsolation" name="test_agent_cannot_access_other_company_tickets" time="0.102" /><testcase classname="backend.tests.test_production_ready.TestPWAManifest" name="test_manifest_json_accessible" time="0.101" /><testcase classname="backend.tests.test_production_ready.TestPWAManifest" name="test_manifest_has_required_fields" time="0.097" /><testcase classname="backend.tests.test_production_ready.TestPWAManifest" name="test_manifest_has_icons" time="0.094" /><testcase classname="backend.tests.test_production_ready.TestTicketPrintEndpoints" name="test_print_endpoint_requires_auth" time="0.097" /><testcase classname="backend.tests.test_production_ready.TestTicketPrintEndpoints" name="test_print_nonexistent_ticket" time="0.105" /><testcase classname="backend.tests.test_production_ready.TestSchedulerCronJobs" name="test_companies_have_license_end_field" time="0.000"><skipped type="pytest.skip" message="Super admin login failed - skipping super admin tests">/app/backend/tests/test_production_ready.py:327: Super admin login failed - skipping super admin tests</skipped></testcase><testcase classname="backend.tests.test_production_ready.TestAgentDeviceSync" name="test_device_sync_returns_valid_response" time="0.116" /><testcase classname="backend.tests.test_production_ready.TestAgentDeviceSync" name="test_device_sync_config_changed_flag" time="0.108" /></testsuite></testsuites>