<?xml version="1.0" encoding="utf-8"?><testsuites name="pytest tests"><testsuite name="pytest" errors="0" failures="0" skipped="0" tests="20" time="1.320" timestamp="2026-03-27T05:53:46.648569+00:00" hostname="agent-env-309f640f-9acd-4901-b527-8fdd0ddea66a"><testcase classname="tests.test_iteration38_exports.TestHealthCheck" name="test_health_endpoint" time="0.009" /><testcase classname="tests.test_iteration38_exports.TestAuthentication" name="test_login_success" time="0.278" /><testcase classname="tests.test_iteration38_exports.TestExcelExportEndpoints" name="test_tickets_excel_export" time="0.270" /><testcase classname="tests.test_iteration38_exports.TestExcelExportEndpoints" name="test_sales_by_day_excel_export" time="0.008" /><testcase classname="tests.test_iteration38_exports.TestExcelExportEndpoints" name="test_sales_by_agent_excel_export" time="0.007" /><testcase classname="tests.test_iteration38_exports.TestExcelExportEndpoints" name="test_sales_by_branch_excel_export" time="0.007" /><testcase classname="tests.test_iteration38_exports.TestExcelExportEndpoints" name="test_sales_by_lottery_excel_export" time="0.007" /><testcase classname="tests.test_iteration38_exports.TestExcelExportEndpoints" name="test_winners_excel_export" time="0.007" /><testcase classname="tests.test_iteration38_exports.TestExcelExportEndpoints" name="test_profit_loss_excel_export" time="0.007" /><testcase classname="tests.test_iteration38_exports.TestExcelExportEndpoints" name="test_excel_export_with_date_filters" time="0.010" /><testcase classname="tests.test_iteration38_exports.TestExcelExportEndpoints" name="test_excel_export_unauthorized" time="0.002" /><testcase classname="tests.test_iteration38_exports.TestPDFTicketExport" name="test_pdf_ticket_generation" time="0.306" /><testcase classname="tests.test_iteration38_exports.TestPDFTicketExport" name="test_pdf_ticket_with_token_param" time="0.003" /><testcase classname="tests.test_iteration38_exports.TestPDFTicketExport" name="test_pdf_ticket_invalid_id" time="0.003" /><testcase classname="tests.test_iteration38_exports.TestTicketTemplate" name="test_pagination_constants" time="0.017" /><testcase classname="tests.test_iteration38_exports.TestTicketTemplate" name="test_generate_paginated_tickets_function" time="0.019" /><testcase classname="tests.test_iteration38_exports.TestCompanyReportsPage" name="test_company_agents_endpoint" time="0.253" /><testcase classname="tests.test_iteration38_exports.TestCompanyReportsPage" name="test_company_succursales_endpoint" time="0.006" /><testcase classname="tests.test_iteration38_exports.TestCompanyReportsPage" name="test_company_lotteries_endpoint" time="0.015" /><testcase classname="tests.test_iteration38_exports.TestCompanyReportsPage" name="test_company_dashboard_stats" time="0.008" /></testsuite></testsuites>