<?xml version="1.0" encoding="utf-8"?><testsuites name="pytest tests"><testsuite name="pytest" errors="0" failures="2" skipped="0" tests="16" time="8.394" timestamp="2026-03-24T21:07:06.310116+00:00" hostname="agent-env-309f640f-9acd-4901-b527-8fdd0ddea66a"><testcase classname="backend.tests.test_iteration29_lottolab.TestHealthCheck" name="test_api_health" time="0.167" /><testcase classname="backend.tests.test_iteration29_lottolab.TestSuperAdminLogin" name="test_super_admin_login" time="0.415" /><testcase classname="backend.tests.test_iteration29_lottolab.TestSuperAdminLogin" name="test_super_admin_dashboard_stats" time="0.527" /><testcase classname="backend.tests.test_iteration29_lottolab.TestSuperAdminLogin" name="test_super_admin_global_schedules" time="0.969"><failure message="AssertionError: Global schedules failed: {&quot;message&quot;:&quot;Internal server error&quot;,&quot;details&quot;:[{&quot;error&quot;:&quot;4 validation errors for GlobalScheduleEnhanced\ndraw_name\n  Field required [type=missing, input_value={'schedule_id': 'sched_xe...T04:14:49.698253+00:00'}, input_type=dict]\n    For further information visit https://errors.pydantic.dev/2.12/v/missing\nopen_time\n  Field required [type=missing, input_value={'schedule_id': 'sched_xe...T04:14:49.698253+00:00'}, input_type=dict]\n    For further information visit https://errors.pydantic.dev/2.12/v/missing\nclose_time\n  Field required [type=missing, input_value={'schedule_id': 'sched_xe...T04:14:49.698253+00:00'}, input_type=dict]\n    For further information visit https://errors.pydantic.dev/2.12/v/missing\ndraw_time\n  Field required [type=missing, input_value={'schedule_id': 'sched_xe...T04:14:49.698253+00:00'}, input_type=dict]\n    For further information visit https://errors.pydantic.dev/2.12/v/missing&quot;}]}&#10;assert 500 == 200&#10; +  where 500 = &lt;Response [500]&gt;.status_code">backend/tests/test_iteration29_lottolab.py:71: in test_super_admin_global_schedules
    assert response.status_code == 200, f"Global schedules failed: {response.text}"
E   AssertionError: Global schedules failed: {"message":"Internal server error","details":[{"error":"4 validation errors for GlobalScheduleEnhanced\ndraw_name\n  Field required [type=missing, input_value={'schedule_id': 'sched_xe...T04:14:49.698253+00:00'}, input_type=dict]\n    For further information visit https://errors.pydantic.dev/2.12/v/missing\nopen_time\n  Field required [type=missing, input_value={'schedule_id': 'sched_xe...T04:14:49.698253+00:00'}, input_type=dict]\n    For further information visit https://errors.pydantic.dev/2.12/v/missing\nclose_time\n  Field required [type=missing, input_value={'schedule_id': 'sched_xe...T04:14:49.698253+00:00'}, input_type=dict]\n    For further information visit https://errors.pydantic.dev/2.12/v/missing\ndraw_time\n  Field required [type=missing, input_value={'schedule_id': 'sched_xe...T04:14:49.698253+00:00'}, input_type=dict]\n    For further information visit https://errors.pydantic.dev/2.12/v/missing"}]}
E   assert 500 == 200
E    +  where 500 = &lt;Response [500]&gt;.status_code</failure></testcase><testcase classname="backend.tests.test_iteration29_lottolab.TestCompanyAdminLogin" name="test_company_admin_login" time="0.382" /><testcase classname="backend.tests.test_iteration29_lottolab.TestCompanyAdminLogin" name="test_company_admin_dashboard_stats" time="0.507" /><testcase classname="backend.tests.test_iteration29_lottolab.TestCompanyAdminLogin" name="test_company_admin_succursales" time="0.517" /><testcase classname="backend.tests.test_iteration29_lottolab.TestSupervisorLogin" name="test_supervisor_login" time="0.358" /><testcase classname="backend.tests.test_iteration29_lottolab.TestSupervisorLogin" name="test_supervisor_dashboard_stats" time="0.485" /><testcase classname="backend.tests.test_iteration29_lottolab.TestSupervisorLogin" name="test_supervisor_agents_list" time="0.527" /><testcase classname="backend.tests.test_iteration29_lottolab.TestVendeurLogin" name="test_vendeur_login" time="0.377" /><testcase classname="backend.tests.test_iteration29_lottolab.TestVendeurLogin" name="test_vendeur_device_config" time="0.593" /><testcase classname="backend.tests.test_iteration29_lottolab.TestVendeurLogin" name="test_vendeur_can_see_haiti_flag" time="0.629" /><testcase classname="backend.tests.test_iteration29_lottolab.TestTicketPrint" name="test_ticket_print_endpoint" time="0.535" /><testcase classname="backend.tests.test_iteration29_lottolab.TestLotterySchedules" name="test_global_schedules_count" time="0.704"><failure message="assert 500 == 200&#10; +  where 500 = &lt;Response [500]&gt;.status_code">backend/tests/test_iteration29_lottolab.py:311: in test_global_schedules_count
    assert response.status_code == 200
E   assert 500 == 200
E    +  where 500 = &lt;Response [500]&gt;.status_code</failure></testcase><testcase classname="backend.tests.test_iteration29_lottolab.TestCompanyLotteries" name="test_company_lotteries_list" time="0.531" /></testsuite></testsuites>