<?xml version="1.0" encoding="utf-8"?><testsuites name="pytest tests"><testsuite name="pytest" errors="0" failures="0" skipped="0" tests="16" time="1.398" timestamp="2026-03-26T22:08:10.182504+00:00" hostname="agent-env-309f640f-9acd-4901-b527-8fdd0ddea66a"><testcase classname="tests.test_iteration37_printing.TestHealthCheck" name="test_api_health" time="0.014" /><testcase classname="tests.test_iteration37_printing.TestVendeurAuth" name="test_vendeur_login" time="0.279" /><testcase classname="tests.test_iteration37_printing.TestVendeurAuth" name="test_vendeur_profile" time="0.007" /><testcase classname="tests.test_iteration37_printing.TestTicketPrintEndpoint" name="test_ticket_print_endpoint_exists" time="0.276" /><testcase classname="tests.test_iteration37_printing.TestTicketPrintEndpoint" name="test_ticket_print_html_format" time="0.012" /><testcase classname="tests.test_iteration37_printing.TestTicketPrintEndpoint" name="test_ticket_html_no_na_values" time="0.012" /><testcase classname="tests.test_iteration37_printing.TestTicketPrintEndpoint" name="test_ticket_html_time_format" time="0.012" /><testcase classname="tests.test_iteration37_printing.TestTicketPrintEndpoint" name="test_ticket_html_has_qr_code" time="0.013" /><testcase classname="tests.test_iteration37_printing.TestTicketPrintEndpoint" name="test_ticket_html_verification_code_format" time="0.011" /><testcase classname="tests.test_iteration37_printing.TestPublicTicketVerification" name="test_verify_ticket_endpoint_exists" time="0.004" /><testcase classname="tests.test_iteration37_printing.TestPublicTicketVerification" name="test_verify_ticket_not_found_page" time="0.004" /><testcase classname="tests.test_iteration37_printing.TestDeviceConfig" name="test_device_config_returns_lotteries" time="0.294" /><testcase classname="tests.test_iteration37_printing.TestLotterySellEndpoint" name="test_sell_endpoint_exists" time="0.347" /><testcase classname="tests.test_iteration37_printing.TestTicketTemplate" name="test_ticket_template_import" time="0.016" /><testcase classname="tests.test_iteration37_printing.TestTicketTemplate" name="test_generate_ticket_html_basic" time="0.021" /><testcase classname="tests.test_iteration37_printing.TestTicketTemplate" name="test_time_format_12h" time="0.000" /></testsuite></testsuites>