<?xml version="1.0" encoding="utf-8"?><testsuites name="pytest tests"><testsuite name="pytest" errors="0" failures="1" skipped="0" tests="25" time="6.503" timestamp="2026-02-28T04:28:37.534291+00:00" hostname="agent-env-87a7e7e0-22c6-4692-b023-e7464b1ec3b3"><testcase classname="tests.test_saas_enterprise_iteration12.TestCompanySoftDelete" name="test_create_company_for_delete_test" time="0.946" /><testcase classname="tests.test_saas_enterprise_iteration12.TestCompanySoftDelete" name="test_soft_delete_sets_status_deleted" time="0.172" /><testcase classname="tests.test_saas_enterprise_iteration12.TestCompanySoftDelete" name="test_deleted_company_admin_cannot_login" time="0.343" /><testcase classname="tests.test_saas_enterprise_iteration12.TestCompanySoftDelete" name="test_deleted_company_in_archived_list" time="0.112" /><testcase classname="tests.test_saas_enterprise_iteration12.TestCompanySuspension" name="test_create_company_for_suspension_test" time="0.467" /><testcase classname="tests.test_saas_enterprise_iteration12.TestCompanySuspension" name="test_suspend_company_blocks_users" time="0.183" /><testcase classname="tests.test_saas_enterprise_iteration12.TestCompanySuspension" name="test_suspended_company_admin_cannot_login" time="0.337" /><testcase classname="tests.test_saas_enterprise_iteration12.TestCompanyActivation" name="test_activate_suspended_company" time="0.172" /><testcase classname="tests.test_saas_enterprise_iteration12.TestCompanyActivation" name="test_activated_company_admin_can_login" time="0.354" /><testcase classname="tests.test_saas_enterprise_iteration12.TestCompanyRestore" name="test_restore_deleted_company" time="0.153" /><testcase classname="tests.test_saas_enterprise_iteration12.TestCompanyEditModal" name="test_update_company_subscription_end_date" time="0.226" /><testcase classname="tests.test_saas_enterprise_iteration12.TestCompanyEditModal" name="test_update_company_status_via_edit" time="0.253"><failure message="assert 500 == 200&#10; +  where 500 = &lt;Response [500]&gt;.status_code">tests/test_saas_enterprise_iteration12.py:357: in test_update_company_status_via_edit
    assert response.status_code == 200
E   assert 500 == 200
E    +  where 500 = &lt;Response [500]&gt;.status_code</failure></testcase><testcase classname="tests.test_saas_enterprise_iteration12.TestStaffManagement" name="test_get_staff_list" time="0.447" /><testcase classname="tests.test_saas_enterprise_iteration12.TestStaffManagement" name="test_create_staff_member" time="0.324" /><testcase classname="tests.test_saas_enterprise_iteration12.TestStaffManagement" name="test_suspend_staff_member" time="0.114" /><testcase classname="tests.test_saas_enterprise_iteration12.TestStaffManagement" name="test_suspended_staff_cannot_login" time="0.339" /><testcase classname="tests.test_saas_enterprise_iteration12.TestStaffManagement" name="test_activate_staff_member" time="0.108" /><testcase classname="tests.test_saas_enterprise_iteration12.TestStaffManagement" name="test_activated_staff_can_login" time="0.353" /><testcase classname="tests.test_saas_enterprise_iteration12.TestStaffManagement" name="test_delete_staff_member" time="0.123" /><testcase classname="tests.test_saas_enterprise_iteration12.TestRoleBasedPermissions" name="test_get_my_permissions" time="0.097" /><testcase classname="tests.test_saas_enterprise_iteration12.TestRoleBasedPermissions" name="test_get_available_roles" time="0.130" /><testcase classname="tests.test_saas_enterprise_iteration12.TestSubscriptionCounter" name="test_get_my_subscription" time="0.109" /><testcase classname="tests.test_saas_enterprise_iteration12.TestSubscriptionCounter" name="test_company_subscription_info" time="0.163" /><testcase classname="tests.test_saas_enterprise_iteration12.TestExtendLicense" name="test_extend_license_by_days" time="0.114" /><testcase classname="tests.test_saas_enterprise_iteration12" name="test_cleanup" time="0.181" /></testsuite></testsuites>