<?xml version="1.0" encoding="utf-8"?><testsuites name="pytest tests"><testsuite name="pytest" errors="0" failures="0" skipped="0" tests="18" time="5.117" timestamp="2026-02-28T05:31:13.446324+00:00" hostname="agent-env-87a7e7e0-22c6-4692-b023-e7464b1ec3b3"><testcase classname="backend.tests.test_agent_lottolab_features.TestAgentLogin" name="test_agent_login_success" time="0.354" /><testcase classname="backend.tests.test_agent_lottolab_features.TestAgentLogin" name="test_agent_login_invalid_credentials" time="0.322" /><testcase classname="backend.tests.test_agent_lottolab_features.TestAgentLogin" name="test_agent_login_nonexistent_user" time="0.099" /><testcase classname="backend.tests.test_agent_lottolab_features.TestPublicTicketVerification" name="test_verify_ticket_invalid_code_returns_html" time="0.140" /><testcase classname="backend.tests.test_agent_lottolab_features.TestPublicTicketVerification" name="test_verify_ticket_short_code" time="0.102" /><testcase classname="backend.tests.test_agent_lottolab_features.TestPublicTicketVerification" name="test_verify_ticket_no_auth_required" time="0.110" /><testcase classname="backend.tests.test_agent_lottolab_features.TestDeviceConfig" name="test_device_config_returns_data" time="0.391" /><testcase classname="backend.tests.test_agent_lottolab_features.TestDeviceConfig" name="test_device_config_requires_auth" time="0.142" /><testcase classname="backend.tests.test_agent_lottolab_features.TestAgentTickets" name="test_get_agent_tickets" time="0.381" /><testcase classname="backend.tests.test_agent_lottolab_features.TestAgentTickets" name="test_get_agent_tickets_requires_auth" time="0.102" /><testcase classname="backend.tests.test_agent_lottolab_features.TestTicketCancellation" name="test_cancel_ticket_requires_reason" time="0.380" /><testcase classname="backend.tests.test_agent_lottolab_features.TestTicketCancellation" name="test_cancel_nonexistent_ticket" time="0.383" /><testcase classname="backend.tests.test_agent_lottolab_features.TestPrintTicket" name="test_print_nonexistent_ticket" time="0.462" /><testcase classname="backend.tests.test_agent_lottolab_features.TestPrintTicket" name="test_print_requires_auth" time="0.096" /><testcase classname="backend.tests.test_agent_lottolab_features.TestAgentSales" name="test_get_agent_reports" time="0.402" /><testcase classname="backend.tests.test_agent_lottolab_features.TestCompanyLotteries" name="test_get_company_lotteries" time="0.384" /><testcase classname="backend.tests.test_agent_lottolab_features.TestResultsEndpoint" name="test_get_latest_results" time="0.398" /><testcase classname="backend.tests.test_agent_lottolab_features.TestVoidWindowConfiguration" name="test_void_window_in_config" time="0.390" /></testsuite></testsuites>