<?xml version="1.0" encoding="utf-8"?><testsuites name="pytest tests"><testsuite name="pytest" errors="0" failures="1" skipped="0" tests="21" time="7.165" timestamp="2026-03-30T20:29:18.677428+00:00" hostname="agent-env-309f640f-9acd-4901-b527-8fdd0ddea66a"><testcase classname="tests.test_iteration48_settlement_engine.TestHealthCheck" name="test_health_endpoint" time="0.592" /><testcase classname="tests.test_iteration48_settlement_engine.TestAuthentication" name="test_super_admin_login" time="0.414" /><testcase classname="tests.test_iteration48_settlement_engine.TestSettlementPublish" name="test_publish_result_requires_auth" time="0.122" /><testcase classname="tests.test_iteration48_settlement_engine.TestSettlementPublish" name="test_publish_result_requires_super_admin" time="0.450" /><testcase classname="tests.test_iteration48_settlement_engine.TestSettlementIdempotency" name="test_duplicate_result_rejected" time="0.513" /><testcase classname="tests.test_iteration48_settlement_engine.TestSettlementList" name="test_list_settlements_requires_auth" time="0.167" /><testcase classname="tests.test_iteration48_settlement_engine.TestSettlementList" name="test_list_settlements_success" time="0.419" /><testcase classname="tests.test_iteration48_settlement_engine.TestSettlementList" name="test_list_settlements_with_filters" time="0.424" /><testcase classname="tests.test_iteration48_settlement_engine.TestSettlementReport" name="test_report_requires_auth" time="0.118" /><testcase classname="tests.test_iteration48_settlement_engine.TestSettlementReport" name="test_report_not_found" time="0.439" /><testcase classname="tests.test_iteration48_settlement_engine.TestSettlementReport" name="test_report_success" time="0.464" /><testcase classname="tests.test_iteration48_settlement_engine.TestWinningTickets" name="test_winning_tickets_requires_auth" time="0.127" /><testcase classname="tests.test_iteration48_settlement_engine.TestWinningTickets" name="test_winning_tickets_success" time="0.413" /><testcase classname="tests.test_iteration48_settlement_engine.TestPrizeConfigDefaults" name="test_defaults_requires_auth" time="0.152" /><testcase classname="tests.test_iteration48_settlement_engine.TestPrizeConfigDefaults" name="test_defaults_success" time="0.426" /><testcase classname="tests.test_iteration48_settlement_engine.TestWalletTransactions" name="test_wallet_transactions_requires_auth" time="0.119" /><testcase classname="tests.test_iteration48_settlement_engine.TestWalletTransactions" name="test_wallet_transactions_success" time="0.424" /><testcase classname="tests.test_iteration48_settlement_engine.TestAuditLogs" name="test_audit_logs_requires_super_admin" time="0.147" /><testcase classname="tests.test_iteration48_settlement_engine.TestAuditLogs" name="test_audit_logs_success" time="0.473"><failure message="assert 500 == 200&#10; +  where 500 = &lt;Response [500]&gt;.status_code">tests/test_iteration48_settlement_engine.py:352: in test_audit_logs_success
    assert response.status_code == 200
E   assert 500 == 200
E    +  where 500 = &lt;Response [500]&gt;.status_code</failure></testcase><testcase classname="tests.test_iteration48_settlement_engine.TestSettlementStatus" name="test_status_requires_auth" time="0.121" /><testcase classname="tests.test_iteration48_settlement_engine.TestSettlementStatus" name="test_status_success" time="0.515" /></testsuite></testsuites>