<?xml version="1.0" encoding="utf-8"?><testsuites name="pytest tests"><testsuite name="pytest" errors="0" failures="0" skipped="0" tests="36" time="9.843" timestamp="2026-02-21T05:10:07.894222+00:00" hostname="agent-env-fddc3840-5c22-4e2d-b7d2-1d196e399bb0"><testcase classname="backend.tests.test_rbac_and_new_features.TestAuthentication" name="test_super_admin_login_success" time="0.482" /><testcase classname="backend.tests.test_rbac_and_new_features.TestAuthentication" name="test_company_admin_login_success" time="0.418" /><testcase classname="backend.tests.test_rbac_and_new_features.TestSuperAdminLotteryCatalog" name="test_get_lottery_catalog" time="0.437" /><testcase classname="backend.tests.test_rbac_and_new_features.TestSuperAdminLotteryCatalog" name="test_seed_lottery_catalog" time="0.174" /><testcase classname="backend.tests.test_rbac_and_new_features.TestSuperAdminLotteryCatalog" name="test_lottery_catalog_has_155_lotteries" time="0.112" /><testcase classname="backend.tests.test_rbac_and_new_features.TestSuperAdminLotteryCatalog" name="test_filter_lottery_catalog_by_state" time="0.105" /><testcase classname="backend.tests.test_rbac_and_new_features.TestSuperAdminGlobalSchedules" name="test_get_global_schedules" time="0.450" /><testcase classname="backend.tests.test_rbac_and_new_features.TestSuperAdminGlobalSchedules" name="test_create_global_schedule" time="0.238" /><testcase classname="backend.tests.test_rbac_and_new_features.TestSuperAdminGlobalSchedules" name="test_delete_global_schedule" time="0.109" /><testcase classname="backend.tests.test_rbac_and_new_features.TestSuperAdminGlobalResults" name="test_get_global_results" time="0.441" /><testcase classname="backend.tests.test_rbac_and_new_features.TestSuperAdminGlobalResults" name="test_create_global_result" time="0.258" /><testcase classname="backend.tests.test_rbac_and_new_features.TestSuperAdminGlobalResults" name="test_delete_global_result" time="0.119" /><testcase classname="backend.tests.test_rbac_and_new_features.TestCompanyAdminReadOnlyAccess" name="test_company_admin_can_view_schedules" time="0.498" /><testcase classname="backend.tests.test_rbac_and_new_features.TestCompanyAdminReadOnlyAccess" name="test_company_admin_can_view_results" time="0.112" /><testcase classname="backend.tests.test_rbac_and_new_features.TestCompanyAdminReadOnlyAccess" name="test_company_admin_cannot_create_schedules" time="0.116" /><testcase classname="backend.tests.test_rbac_and_new_features.TestCompanyAdminReadOnlyAccess" name="test_company_admin_cannot_create_results" time="0.101" /><testcase classname="backend.tests.test_rbac_and_new_features.TestCompanyAdminBranches" name="test_get_branches" time="0.485" /><testcase classname="backend.tests.test_rbac_and_new_features.TestCompanyAdminBranches" name="test_create_branch" time="0.122" /><testcase classname="backend.tests.test_rbac_and_new_features.TestCompanyAdminBranches" name="test_update_branch" time="0.114" /><testcase classname="backend.tests.test_rbac_and_new_features.TestCompanyAdminBranches" name="test_delete_branch" time="0.110" /><testcase classname="backend.tests.test_rbac_and_new_features.TestCompanyAdminConfiguration" name="test_get_configuration" time="0.501" /><testcase classname="backend.tests.test_rbac_and_new_features.TestCompanyAdminConfiguration" name="test_update_configuration" time="0.111" /><testcase classname="backend.tests.test_rbac_and_new_features.TestCompanyAdminConfiguration" name="test_get_prime_configs" time="0.126" /><testcase classname="backend.tests.test_rbac_and_new_features.TestCompanyAdminConfiguration" name="test_seed_default_primes" time="1.138" /><testcase classname="backend.tests.test_rbac_and_new_features.TestCompanyAdminStatistics" name="test_get_agent_control_stats" time="0.460" /><testcase classname="backend.tests.test_rbac_and_new_features.TestCompanyAdminStatistics" name="test_get_tickets_by_agent" time="0.105" /><testcase classname="backend.tests.test_rbac_and_new_features.TestCompanyAdminStatistics" name="test_get_winning_tickets_stats" time="0.109" /><testcase classname="backend.tests.test_rbac_and_new_features.TestCompanyAdminStatistics" name="test_get_tracability_logs" time="0.098" /><testcase classname="backend.tests.test_rbac_and_new_features.TestCompanyAdminStatistics" name="test_get_blocked_numbers" time="0.106" /><testcase classname="backend.tests.test_rbac_and_new_features.TestCompanyAdminStatistics" name="test_get_sales_limits" time="0.160" /><testcase classname="backend.tests.test_rbac_and_new_features.TestCompanyAdminDailyReports" name="test_get_daily_reports" time="0.438" /><testcase classname="backend.tests.test_rbac_and_new_features.TestCompanyAdminDailyReports" name="test_generate_daily_report" time="0.171" /><testcase classname="backend.tests.test_rbac_and_new_features.TestSuperAdminCannotAccessCompanyRoutes" name="test_super_admin_cannot_access_company_branches" time="0.487" /><testcase classname="backend.tests.test_rbac_and_new_features.TestCompanyAdminCannotAccessSuperAdminRoutes" name="test_company_admin_cannot_access_super_lottery_catalog" time="0.440" /><testcase classname="backend.tests.test_rbac_and_new_features.TestCompanyAdminCannotAccessSuperAdminRoutes" name="test_company_admin_cannot_access_super_global_schedules" time="0.107" /><testcase classname="backend.tests.test_rbac_and_new_features.TestCompanyAdminCannotAccessSuperAdminRoutes" name="test_company_admin_cannot_access_super_global_results" time="0.134" /></testsuite></testsuites>