<?xml version="1.0" encoding="utf-8"?><testsuites name="pytest tests"><testsuite name="pytest" errors="0" failures="0" skipped="0" tests="18" time="8.520" timestamp="2026-02-22T06:41:54.173360+00:00" hostname="agent-env-c60599e5-0970-4827-ae5b-b30ef4f719b5"><testcase classname="tests.test_lottolab_final.TestLoginFlows" name="test_01_super_admin_login" time="0.352" /><testcase classname="tests.test_lottolab_final.TestLoginFlows" name="test_02_company_admin_login" time="0.332" /><testcase classname="tests.test_lottolab_final.TestLoginFlows" name="test_03_agent_pos_login" time="0.336" /><testcase classname="tests.test_lottolab_final.TestLoginFlows" name="test_04_invalid_login_rejected" time="0.098" /><testcase classname="tests.test_lottolab_final.TestCompanyLotteries" name="test_01_get_all_lotteries_returns_150_plus" time="0.438" /><testcase classname="tests.test_lottolab_final.TestCompanyLotteries" name="test_02_lotteries_have_state_codes" time="0.429" /><testcase classname="tests.test_lottolab_final.TestCompanyLotteries" name="test_03_toggle_lottery_on" time="0.688" /><testcase classname="tests.test_lottolab_final.TestCompanyLotteries" name="test_04_toggle_lottery_off" time="0.653" /><testcase classname="tests.test_lottolab_final.TestAgentPOSDeviceConfig" name="test_01_get_device_config" time="0.431" /><testcase classname="tests.test_lottolab_final.TestAgentPOSDeviceConfig" name="test_02_device_sync_returns_updates" time="0.426" /><testcase classname="tests.test_lottolab_final.TestAgentPOSDeviceConfig" name="test_03_get_enabled_lotteries_with_schedules" time="0.448" /><testcase classname="tests.test_lottolab_final.TestBackendSaleValidation" name="test_01_sale_endpoint_exists" time="0.553" /><testcase classname="tests.test_lottolab_final.TestBackendSaleValidation" name="test_02_sale_rejected_for_disabled_lottery" time="0.966" /><testcase classname="tests.test_lottolab_final.TestBackendSaleValidation" name="test_03_minimum_bet_validation" time="0.548" /><testcase classname="tests.test_lottolab_final.TestResultsEndpoint" name="test_01_get_today_results" time="0.442" /><testcase classname="tests.test_lottolab_final.TestResultsEndpoint" name="test_02_get_device_results" time="0.430" /><testcase classname="tests.test_lottolab_final.TestAgentTickets" name="test_01_get_agent_tickets" time="0.470" /><testcase classname="tests.test_lottolab_final.TestAgentTickets" name="test_02_get_agent_reports" time="0.424" /></testsuite></testsuites>