<?xml version="1.0" encoding="utf-8"?><testsuites name="pytest tests"><testsuite name="pytest" errors="7" failures="0" skipped="0" tests="20" time="10.225" timestamp="2026-02-28T02:53:05.493286+00:00" hostname="agent-env-67743294-ed66-4db7-ac0b-570d2704649d"><testcase classname="backend.tests.test_saas_core.TestSaaSCoreAuthentication" name="test_super_admin_login" time="0.475" /><testcase classname="backend.tests.test_saas_core.TestSaaSCoreAuthentication" name="test_company_admin_login" time="0.336" /><testcase classname="backend.tests.test_saas_core.TestMasterLotteries" name="test_super_admin_sees_all_lotteries" time="0.913" /><testcase classname="backend.tests.test_saas_core.TestMasterLotteries" name="test_company_admin_sees_only_active_lotteries" time="0.796" /><testcase classname="backend.tests.test_saas_core.TestMasterLotteries" name="test_toggle_lottery_global_status" time="0.996" /><testcase classname="backend.tests.test_saas_core.TestMasterLotteries" name="test_company_admin_cannot_toggle_global" time="0.911" /><testcase classname="backend.tests.test_saas_core.TestGlobalSchedules" name="test_super_admin_sees_all_schedules" time="0.842" /><testcase classname="backend.tests.test_saas_core.TestGlobalSchedules" name="test_company_admin_sees_schedules_for_enabled_lotteries" time="0.800" /><testcase classname="backend.tests.test_saas_core.TestGlobalSchedules" name="test_company_admin_cannot_create_schedule" time="0.109"><error message="failed on setup with &quot;KeyError: 'token'&quot;">backend/tests/test_saas_core.py:138: in setup
    self.super_token = response.json()["token"]
                       ^^^^^^^^^^^^^^^^^^^^^^^^
E   KeyError: 'token'</error></testcase><testcase classname="backend.tests.test_saas_core.TestGlobalSchedules" name="test_super_admin_can_create_schedule" time="0.115"><error message="failed on setup with &quot;KeyError: 'token'&quot;">backend/tests/test_saas_core.py:138: in setup
    self.super_token = response.json()["token"]
                       ^^^^^^^^^^^^^^^^^^^^^^^^
E   KeyError: 'token'</error></testcase><testcase classname="backend.tests.test_saas_core.TestCompanyFullCreation" name="test_full_company_creation" time="0.132"><error message="failed on setup with &quot;KeyError: 'token'&quot;">backend/tests/test_saas_core.py:231: in setup
    self.super_token = response.json()["token"]
                       ^^^^^^^^^^^^^^^^^^^^^^^^
E   KeyError: 'token'</error></testcase><testcase classname="backend.tests.test_saas_core.TestLicenseManagement" name="test_suspend_company" time="0.684" /><testcase classname="backend.tests.test_saas_core.TestLicenseManagement" name="test_activate_company" time="0.599" /><testcase classname="backend.tests.test_saas_core.TestLicenseManagement" name="test_extend_license" time="0.569" /><testcase classname="backend.tests.test_saas_core.TestHeartbeatOnlineStatus" name="test_company_heartbeat" time="0.131"><error message="failed on setup with &quot;KeyError: 'token'&quot;">backend/tests/test_saas_core.py:342: in setup
    self.super_token = response.json()["token"]
                       ^^^^^^^^^^^^^^^^^^^^^^^^
E   KeyError: 'token'</error></testcase><testcase classname="backend.tests.test_saas_core.TestHeartbeatOnlineStatus" name="test_agent_heartbeat" time="0.124"><error message="failed on setup with &quot;KeyError: 'token'&quot;">backend/tests/test_saas_core.py:342: in setup
    self.super_token = response.json()["token"]
                       ^^^^^^^^^^^^^^^^^^^^^^^^
E   KeyError: 'token'</error></testcase><testcase classname="backend.tests.test_saas_core.TestHeartbeatOnlineStatus" name="test_online_status_requires_super_admin" time="0.780" /><testcase classname="backend.tests.test_saas_core.TestHeartbeatOnlineStatus" name="test_super_admin_can_see_online_status" time="0.137"><error message="failed on setup with &quot;KeyError: 'token'&quot;">backend/tests/test_saas_core.py:342: in setup
    self.super_token = response.json()["token"]
                       ^^^^^^^^^^^^^^^^^^^^^^^^
E   KeyError: 'token'</error></testcase><testcase classname="backend.tests.test_saas_core.TestCompanyLotteryCatalog" name="test_lottery_catalog_synchronized" time="0.127"><error message="failed on setup with &quot;KeyError: 'token'&quot;">backend/tests/test_saas_core.py:408: in setup
    self.company_token = response.json()["token"]
                         ^^^^^^^^^^^^^^^^^^^^^^^^
E   KeyError: 'token'</error></testcase><testcase classname="backend.tests.test_saas_core.TestCompanyLotteryCatalog" name="test_lottery_shows_disabled_by_super_admin_flag" time="0.460" /></testsuite></testsuites>