<?xml version="1.0" encoding="utf-8"?><testsuites name="pytest tests"><testsuite name="pytest" errors="0" failures="0" skipped="0" tests="13" time="3.717" timestamp="2026-02-27T17:06:50.204331+00:00" hostname="agent-env-67743294-ed66-4db7-ac0b-570d2704649d"><testcase classname="backend.tests.test_succursale_routes.TestSuccursaleRoutes" name="test_01_get_all_succursales" time="0.572" /><testcase classname="backend.tests.test_succursale_routes.TestSuccursaleRoutes" name="test_02_create_succursale_success" time="0.364" /><testcase classname="backend.tests.test_succursale_routes.TestSuccursaleRoutes" name="test_03_create_succursale_password_mismatch" time="0.131" /><testcase classname="backend.tests.test_succursale_routes.TestSuccursaleRoutes" name="test_04_get_succursale_detail" time="0.172" /><testcase classname="backend.tests.test_succursale_routes.TestSuccursaleRoutes" name="test_05_create_agent_in_succursale" time="0.358" /><testcase classname="backend.tests.test_succursale_routes.TestSuccursaleRoutes" name="test_06_verify_agent_in_succursale_detail" time="0.125" /><testcase classname="backend.tests.test_succursale_routes.TestSuccursaleRoutes" name="test_07_create_agent_duplicate_device_id" time="0.260" /><testcase classname="backend.tests.test_succursale_routes.TestSuccursaleRoutes" name="test_08_delete_agent_from_succursale" time="0.258" /><testcase classname="backend.tests.test_succursale_routes.TestSuccursaleRoutes" name="test_09_delete_succursale_success" time="0.152" /><testcase classname="backend.tests.test_succursale_routes.TestSuccursaleRoutes" name="test_10_delete_succursale_with_active_agents_fails" time="0.257" /><testcase classname="backend.tests.test_succursale_routes.TestSuccursaleReports" name="test_get_succursale_reports" time="0.604" /><testcase classname="backend.tests.test_succursale_routes.TestUnauthorizedAccess" name="test_access_without_auth" time="0.157" /><testcase classname="backend.tests.test_succursale_routes.TestUnauthorizedAccess" name="test_access_with_invalid_token" time="0.105" /></testsuite></testsuites>