<?xml version="1.0" encoding="utf-8"?><testsuites name="pytest tests"><testsuite name="pytest" errors="0" failures="0" skipped="0" tests="20" time="6.329" timestamp="2026-02-28T02:54:08.717729+00:00" hostname="agent-env-67743294-ed66-4db7-ac0b-570d2704649d"><testcase classname="backend.tests.test_saas_core.TestSaaSCoreAuthentication" name="test_super_admin_login" time="0.527" /><testcase classname="backend.tests.test_saas_core.TestSaaSCoreAuthentication" name="test_company_admin_login" time="0.840" /><testcase classname="backend.tests.test_saas_core.TestMasterLotteries" name="test_super_admin_sees_all_lotteries" time="0.457" /><testcase classname="backend.tests.test_saas_core.TestMasterLotteries" name="test_company_admin_sees_only_active_lotteries" time="0.960" /><testcase classname="backend.tests.test_saas_core.TestMasterLotteries" name="test_toggle_lottery_global_status" time="0.353" /><testcase classname="backend.tests.test_saas_core.TestMasterLotteries" name="test_company_admin_cannot_toggle_global" time="0.264" /><testcase classname="backend.tests.test_saas_core.TestGlobalSchedules" name="test_super_admin_sees_all_schedules" time="0.116" /><testcase classname="backend.tests.test_saas_core.TestGlobalSchedules" name="test_company_admin_sees_schedules_for_enabled_lotteries" time="0.133" /><testcase classname="backend.tests.test_saas_core.TestGlobalSchedules" name="test_company_admin_cannot_create_schedule" time="0.230" /><testcase classname="backend.tests.test_saas_core.TestGlobalSchedules" name="test_super_admin_can_create_schedule" time="0.369" /><testcase classname="backend.tests.test_saas_core.TestCompanyFullCreation" name="test_full_company_creation" time="0.391" /><testcase classname="backend.tests.test_saas_core.TestLicenseManagement" name="test_suspend_company" time="0.349" /><testcase classname="backend.tests.test_saas_core.TestLicenseManagement" name="test_activate_company" time="0.267" /><testcase classname="backend.tests.test_saas_core.TestLicenseManagement" name="test_extend_license" time="0.224" /><testcase classname="backend.tests.test_saas_core.TestHeartbeatOnlineStatus" name="test_company_heartbeat" time="0.107" /><testcase classname="backend.tests.test_saas_core.TestHeartbeatOnlineStatus" name="test_agent_heartbeat" time="0.194" /><testcase classname="backend.tests.test_saas_core.TestHeartbeatOnlineStatus" name="test_online_status_requires_super_admin" time="0.112" /><testcase classname="backend.tests.test_saas_core.TestHeartbeatOnlineStatus" name="test_super_admin_can_see_online_status" time="0.108" /><testcase classname="backend.tests.test_saas_core.TestCompanyLotteryCatalog" name="test_lottery_catalog_synchronized" time="0.117" /><testcase classname="backend.tests.test_saas_core.TestCompanyLotteryCatalog" name="test_lottery_shows_disabled_by_super_admin_flag" time="0.125" /></testsuite></testsuites>