<?xml version="1.0" encoding="utf-8"?><testsuites name="pytest tests"><testsuite name="pytest" errors="0" failures="1" skipped="0" tests="16" time="5.063" timestamp="2026-02-22T08:42:24.562120+00:00" hostname="agent-env-ddfbc015-c13c-42fc-aa7f-df55ccb51abd"><testcase classname="tests.test_lotopam_online.TestOnlinePublicSettings" name="test_get_public_settings" time="0.157" /><testcase classname="tests.test_lotopam_online.TestOnlinePublicSettings" name="test_get_public_results" time="0.095" /><testcase classname="tests.test_lotopam_online.TestOnlinePlayerRegistration" name="test_register_player_success" time="0.372" /><testcase classname="tests.test_lotopam_online.TestOnlinePlayerRegistration" name="test_register_without_accepting_terms" time="0.106" /><testcase classname="tests.test_lotopam_online.TestOnlinePlayerLogin" name="test_login_player_success" time="0.364" /><testcase classname="tests.test_lotopam_online.TestOnlinePlayerLogin" name="test_login_invalid_credentials" time="0.096" /><testcase classname="tests.test_lotopam_online.TestSuperAdminOnlineModule" name="test_super_admin_login" time="0.320" /><testcase classname="tests.test_lotopam_online.TestSuperAdminOnlineModule" name="test_online_overview_stats" time="0.364" /><testcase classname="tests.test_lotopam_online.TestSuperAdminOnlineModule" name="test_get_online_players" time="0.370" /><testcase classname="tests.test_lotopam_online.TestSuperAdminOnlineModule" name="test_get_pending_deposits" time="0.379" /><testcase classname="tests.test_lotopam_online.TestSuperAdminOnlineModule" name="test_get_pending_withdrawals" time="0.392" /><testcase classname="tests.test_lotopam_online.TestSuperAdminOnlineModule" name="test_get_online_tickets" time="0.384" /><testcase classname="tests.test_lotopam_online.TestSuperAdminOnlineModule" name="test_get_pending_kyc" time="0.382" /><testcase classname="tests.test_lotopam_online.TestSuperAdminOnlineModule" name="test_get_online_settings" time="0.378"><failure message="assert 520 == 200&#10; +  where 520 = &lt;Response [520]&gt;.status_code">tests/test_lotopam_online.py:210: in test_get_online_settings
    assert response.status_code == 200
E   assert 520 == 200
E    +  where 520 = &lt;Response [520]&gt;.status_code</failure></testcase><testcase classname="tests.test_lotopam_online.TestOnlinePlayerAuthenticated" name="test_get_player_profile" time="0.384" /><testcase classname="tests.test_lotopam_online.TestOnlinePlayerAuthenticated" name="test_get_player_wallet" time="0.368" /></testsuite></testsuites>