<?xml version="1.0" encoding="utf-8"?><testsuites name="pytest tests"><testsuite name="pytest" errors="0" failures="0" skipped="0" tests="9" time="3.411" timestamp="2026-02-21T06:27:07.685804+00:00" hostname="agent-env-94167c8e-8c2d-4fb2-88fd-ca8038acfbd2"><testcase classname="backend.tests.test_universal_pos.TestAgentAuthentication" name="test_agent_login_without_imei_success" time="0.392" /><testcase classname="backend.tests.test_universal_pos.TestAgentAuthentication" name="test_agent_login_invalid_credentials" time="0.334" /><testcase classname="backend.tests.test_universal_pos.TestAgentAuthentication" name="test_agent_login_non_agent_account" time="0.324" /><testcase classname="backend.tests.test_universal_pos.TestDeviceConfig" name="test_get_device_config" time="0.428" /><testcase classname="backend.tests.test_universal_pos.TestDeviceConfig" name="test_device_config_without_auth" time="0.103" /><testcase classname="backend.tests.test_universal_pos.TestDeviceSync" name="test_get_device_sync" time="0.438" /><testcase classname="backend.tests.test_universal_pos.TestAgentTickets" name="test_get_agent_tickets" time="0.436" /><testcase classname="backend.tests.test_universal_pos.TestLatestResults" name="test_get_latest_results" time="0.431" /><testcase classname="backend.tests.test_universal_pos.TestAgentReports" name="test_get_agent_reports" time="0.415" /></testsuite></testsuites>