<?xml version="1.0" encoding="utf-8"?><testsuites name="pytest tests"><testsuite name="pytest" errors="0" failures="0" skipped="1" tests="19" time="9.674" timestamp="2026-02-22T09:02:51.915905+00:00" hostname="agent-env-ddfbc015-c13c-42fc-aa7f-df55ccb51abd"><testcase classname="backend.tests.test_phase2_lottery_engine.TestCountdownTimers" name="test_get_lottery_countdowns" time="0.159" /><testcase classname="backend.tests.test_phase2_lottery_engine.TestCountdownTimers" name="test_lotteries_include_schedule_countdown" time="0.433" /><testcase classname="backend.tests.test_phase2_lottery_engine.TestTicketCreationAndBalanceDeduction" name="test_ticket_creation_deducts_balance" time="0.946" /><testcase classname="backend.tests.test_phase2_lottery_engine.TestTicketCreationAndBalanceDeduction" name="test_ticket_stores_draw_info" time="0.751" /><testcase classname="backend.tests.test_phase2_lottery_engine.TestMaxBetLimits" name="test_max_bet_per_play_limit" time="0.509" /><testcase classname="backend.tests.test_phase2_lottery_engine.TestDailyBetLimit" name="test_daily_limit_validation" time="0.362" /><testcase classname="backend.tests.test_phase2_lottery_engine.TestAccountLockout" name="test_failed_login_increments_attempts" time="0.591" /><testcase classname="backend.tests.test_phase2_lottery_engine.TestAccountLockout" name="test_lockout_after_5_attempts" time="1.741" /><testcase classname="backend.tests.test_phase2_lottery_engine.TestWebSocketConnection" name="test_websocket_endpoint_exists" time="0.000" /><testcase classname="backend.tests.test_phase2_lottery_engine.TestDepositNotification" name="test_deposit_request_notifies_admins" time="0.386" /><testcase classname="backend.tests.test_phase2_lottery_engine.TestKYCForWithdrawals" name="test_withdrawal_requires_kyc" time="0.372" /><testcase classname="backend.tests.test_phase2_lottery_engine.TestKYCForWithdrawals" name="test_kyc_status_endpoint" time="0.383" /><testcase classname="backend.tests.test_phase2_lottery_engine.TestSuperAdminLotoPamDashboard" name="test_online_overview_statistics" time="0.384" /><testcase classname="backend.tests.test_phase2_lottery_engine.TestPendingDepositsApproval" name="test_get_pending_deposits" time="0.387" /><testcase classname="backend.tests.test_phase2_lottery_engine.TestPendingDepositsApproval" name="test_approve_deposit_flow" time="0.666"><skipped type="pytest.skip" message="Could not create deposit request">/app/backend/tests/test_phase2_lottery_engine.py:466: Could not create deposit request</skipped></testcase><testcase classname="backend.tests.test_phase2_lottery_engine.TestOnlineAdminEndpoints" name="test_get_all_online_players" time="0.371" /><testcase classname="backend.tests.test_phase2_lottery_engine.TestOnlineAdminEndpoints" name="test_get_online_tickets" time="0.386" /><testcase classname="backend.tests.test_phase2_lottery_engine.TestOnlineAdminEndpoints" name="test_get_pending_kyc" time="0.377" /><testcase classname="backend.tests.test_phase2_lottery_engine.TestOnlineAdminEndpoints" name="test_get_pending_withdrawals" time="0.372" /></testsuite></testsuites>