<?xml version="1.0" encoding="utf-8"?><testsuites name="pytest tests"><testsuite name="pytest" errors="0" failures="0" skipped="1" tests="21" time="7.380" timestamp="2026-03-06T01:44:09.389467+00:00" hostname="agent-env-6caaef36-a10d-4eec-898d-bd04e0156683"><testcase classname="backend.tests.test_results_routes.TestAuthentication" name="test_super_admin_login" time="0.378" /><testcase classname="backend.tests.test_results_routes.TestAuthentication" name="test_agent_login" time="0.366" /><testcase classname="backend.tests.test_results_routes.TestLotteriesEndpoint" name="test_get_lotteries_requires_auth" time="0.114" /><testcase classname="backend.tests.test_results_routes.TestLotteriesEndpoint" name="test_get_lotteries_requires_super_admin" time="0.432" /><testcase classname="backend.tests.test_results_routes.TestLotteriesEndpoint" name="test_get_lotteries_returns_list" time="0.415" /><testcase classname="backend.tests.test_results_routes.TestPublishResults" name="test_publish_requires_auth" time="0.320" /><testcase classname="backend.tests.test_results_routes.TestPublishResults" name="test_publish_requires_super_admin" time="0.474" /><testcase classname="backend.tests.test_results_routes.TestPublishResults" name="test_publish_validates_lottery_exists" time="0.412" /><testcase classname="backend.tests.test_results_routes.TestPublishResults" name="test_publish_result_success" time="0.507" /><testcase classname="backend.tests.test_results_routes.TestGetResults" name="test_get_results_requires_auth" time="0.120" /><testcase classname="backend.tests.test_results_routes.TestGetResults" name="test_get_results_returns_list" time="0.459" /><testcase classname="backend.tests.test_results_routes.TestWinnerDetectionIntegration" name="test_create_ticket_via_agent" time="0.713"><skipped type="pytest.skip" message="Cannot get device config">/app/backend/tests/test_results_routes.py:249: Cannot get device config</skipped></testcase><testcase classname="backend.tests.test_results_routes.TestTicketPrint" name="test_ticket_print_requires_auth" time="0.102" /><testcase classname="backend.tests.test_results_routes.TestTicketPrint" name="test_ticket_print_returns_404_for_nonexistent" time="0.445" /><testcase classname="backend.tests.test_results_routes.TestTicketPrint" name="test_ticket_verification_page" time="0.124" /><testcase classname="backend.tests.test_results_routes.TestPayouts" name="test_get_payouts_requires_auth" time="0.117" /><testcase classname="backend.tests.test_results_routes.TestPayouts" name="test_get_payouts_returns_list" time="0.417" /><testcase classname="backend.tests.test_results_routes.TestWinningTickets" name="test_get_winning_tickets_requires_auth" time="0.116" /><testcase classname="backend.tests.test_results_routes.TestWinningTickets" name="test_get_winning_tickets_returns_list" time="0.426" /><testcase classname="backend.tests.test_results_routes.TestDashboardStats" name="test_dashboard_stats_requires_super_admin" time="0.434" /><testcase classname="backend.tests.test_results_routes.TestDashboardStats" name="test_dashboard_stats_returns_comprehensive_data" time="0.417" /></testsuite></testsuites>