<?xml version="1.0" encoding="utf-8"?><testsuites name="pytest tests"><testsuite name="pytest" errors="0" failures="0" skipped="0" tests="16" time="5.868" timestamp="2026-03-06T12:22:51.310160+00:00" hostname="agent-env-559901e4-a966-4c2d-b9a7-3666c88168da"><testcase classname="backend.tests.test_supervisor_routes.TestSupervisorLogin" name="test_supervisor_login_success" time="0.385" /><testcase classname="backend.tests.test_supervisor_routes.TestSupervisorLogin" name="test_supervisor_login_invalid_password" time="0.344" /><testcase classname="backend.tests.test_supervisor_routes.TestSupervisorDashboardStats" name="test_get_dashboard_stats" time="0.415" /><testcase classname="backend.tests.test_supervisor_routes.TestSupervisorDashboardStats" name="test_dashboard_stats_requires_auth" time="0.138" /><testcase classname="backend.tests.test_supervisor_routes.TestSupervisorAgents" name="test_get_agents_list" time="0.408" /><testcase classname="backend.tests.test_supervisor_routes.TestSupervisorAgents" name="test_get_agents_requires_auth" time="0.114" /><testcase classname="backend.tests.test_supervisor_routes.TestSupervisorAgents" name="test_get_agent_tickets" time="0.449" /><testcase classname="backend.tests.test_supervisor_routes.TestSupervisorMyProfile" name="test_get_my_profile" time="0.432" /><testcase classname="backend.tests.test_supervisor_routes.TestSupervisorMyProfile" name="test_my_profile_requires_auth" time="0.096" /><testcase classname="backend.tests.test_supervisor_routes.TestSupervisorSalesReport" name="test_get_sales_report" time="0.415" /><testcase classname="backend.tests.test_supervisor_routes.TestSupervisorSalesReport" name="test_sales_report_with_date_filter" time="0.393" /><testcase classname="backend.tests.test_supervisor_routes.TestSupervisorSalesReport" name="test_sales_report_requires_auth" time="0.108" /><testcase classname="backend.tests.test_supervisor_routes.TestSupervisorAgentActions" name="test_suspend_agent" time="0.510" /><testcase classname="backend.tests.test_supervisor_routes.TestSupervisorAgentActions" name="test_activate_agent" time="0.509" /><testcase classname="backend.tests.test_supervisor_routes.TestSupervisorAgentActions" name="test_update_agent_info" time="0.506" /><testcase classname="backend.tests.test_supervisor_routes.TestSupervisorAccessControl" name="test_company_admin_cannot_access_supervisor_endpoints" time="0.491" /></testsuite></testsuites>