<?xml version="1.0" encoding="utf-8"?><testsuites name="pytest tests"><testsuite name="pytest" errors="0" failures="0" skipped="9" tests="24" time="6.833" timestamp="2026-03-06T06:40:06.173230+00:00" hostname="agent-env-453be0a5-7c37-48fe-a9ca-56507fba170c"><testcase classname="backend.tests.test_vendeur_routes.TestVendeurAuthentication" name="test_vendeur_login_success" time="0.430" /><testcase classname="backend.tests.test_vendeur_routes.TestVendeurAuthentication" name="test_vendeur_login_invalid_credentials" time="0.355" /><testcase classname="backend.tests.test_vendeur_routes.TestVendeurDashboard" name="test_dashboard_returns_stats" time="0.414" /><testcase classname="backend.tests.test_vendeur_routes.TestVendeurDashboard" name="test_dashboard_returns_recent_tickets" time="0.406" /><testcase classname="backend.tests.test_vendeur_routes.TestVendeurDashboard" name="test_dashboard_returns_recent_results" time="0.425" /><testcase classname="backend.tests.test_vendeur_routes.TestVendeurDashboard" name="test_dashboard_unauthorized" time="0.108" /><testcase classname="backend.tests.test_vendeur_routes.TestVendeurMesTickets" name="test_mes_tickets_returns_list" time="0.409" /><testcase classname="backend.tests.test_vendeur_routes.TestVendeurMesTickets" name="test_mes_tickets_with_limit" time="0.400" /><testcase classname="backend.tests.test_vendeur_routes.TestVendeurMesTickets" name="test_mes_tickets_ticket_structure" time="0.401" /><testcase classname="backend.tests.test_vendeur_routes.TestVendeurResults" name="test_results_returns_list" time="0.447" /><testcase classname="backend.tests.test_vendeur_routes.TestVendeurResults" name="test_results_structure" time="0.412" /><testcase classname="backend.tests.test_vendeur_routes.TestVendeurResults" name="test_results_winning_numbers_format" time="0.400" /><testcase classname="backend.tests.test_vendeur_routes.TestVendeurProfile" name="test_profile_returns_user_info" time="0.413" /><testcase classname="backend.tests.test_vendeur_routes.TestVendeurProfile" name="test_profile_returns_company_info" time="0.420" /><testcase classname="backend.tests.test_vendeur_routes.TestVendeurDeviceConfig" name="test_device_config_returns_lotteries" time="0.101"><skipped type="pytest.skip" message="Vendeur authentication failed">/app/backend/tests/test_vendeur_routes.py:224: Vendeur authentication failed</skipped></testcase><testcase classname="backend.tests.test_vendeur_routes.TestVendeurDeviceConfig" name="test_device_config_lottery_structure" time="0.106"><skipped type="pytest.skip" message="Vendeur authentication failed">/app/backend/tests/test_vendeur_routes.py:236: Vendeur authentication failed</skipped></testcase><testcase classname="backend.tests.test_vendeur_routes.TestVendeurDeviceConfig" name="test_device_config_returns_schedules" time="0.114"><skipped type="pytest.skip" message="Vendeur authentication failed">/app/backend/tests/test_vendeur_routes.py:248: Vendeur authentication failed</skipped></testcase><testcase classname="backend.tests.test_vendeur_routes.TestVendeurStats" name="test_stats_today" time="0.104"><skipped type="pytest.skip" message="Vendeur authentication failed">/app/backend/tests/test_vendeur_routes.py:262: Vendeur authentication failed</skipped></testcase><testcase classname="backend.tests.test_vendeur_routes.TestVendeurStats" name="test_stats_month" time="0.109"><skipped type="pytest.skip" message="Vendeur authentication failed">/app/backend/tests/test_vendeur_routes.py:272: Vendeur authentication failed</skipped></testcase><testcase classname="backend.tests.test_vendeur_routes.TestVendeurSearch" name="test_search_returns_list" time="0.101"><skipped type="pytest.skip" message="Vendeur authentication failed">/app/backend/tests/test_vendeur_routes.py:287: Vendeur authentication failed</skipped></testcase><testcase classname="backend.tests.test_vendeur_routes.TestVendeurSearch" name="test_search_with_status_filter" time="0.108"><skipped type="pytest.skip" message="Vendeur authentication failed">/app/backend/tests/test_vendeur_routes.py:295: Vendeur authentication failed</skipped></testcase><testcase classname="backend.tests.test_vendeur_routes.TestVendeurSell" name="test_sell_ticket_success" time="0.097"><skipped type="pytest.skip" message="Vendeur authentication failed">/app/backend/tests/test_vendeur_routes.py:307: Vendeur authentication failed</skipped></testcase><testcase classname="backend.tests.test_vendeur_routes.TestVendeurSell" name="test_sell_ticket_invalid_lottery" time="0.110"><skipped type="pytest.skip" message="Vendeur authentication failed">/app/backend/tests/test_vendeur_routes.py:346: Vendeur authentication failed</skipped></testcase><testcase classname="backend.tests.test_vendeur_routes.TestVendeurUnauthorizedAccess" name="test_endpoints_require_auth" time="0.365" /></testsuite></testsuites>